#Software: PrintToImage
#ProcessID: 26720 x64
#AppDomain: PrintToImage
#FileName: D:\C#\PrintNode\PrintToImage\bin\Release\net7.0\publish\PrintToImage.exe
#BaseDirectory: D:\C#\PrintNode\PrintToImage\bin\Release\net7.0\publish\
#TempPath: C:\Users\qc200\AppData\Local\Temp\
#CommandLine: D:\C#\PrintNode\PrintToImage\bin\Release\net7.0\publish\PrintToImage.dll
#ApplicationType: Web
#CLR: 7.0.11, .NET 7.0.11
#OS: Microsoft Windows NT 10.0.19045.0, DESKTOP-UBP9SLV/qc200
#CPU: 8
#GC: IsServerGC=True, LatencyMode=Interactive
#ThreadPool: Min=32/32, Max=32767/1000, Available=32765/1000
#SystemStarted: 3.00:09:45.2810000
#Date: 2023-10-18
#详解：https://newlifex.com/core/log
#字段: 时间 线程ID 线程池Y/网页W/普通N/定时T 线程名/任务ID 消息内容
#Fields: Time ThreadID Kind Name Message
12:06:14.469  1 N - NewLife.Core v10.5.2023.0903 Build 2023-09-03 .NET 7.0
12:06:14.471  1 N - NewLife组件核心库 ©2002-2023 NewLife
12:06:14.471  1 N - PrintToImage v1.0.0 Build 2000-01-01 .NET 7.0
12:06:14.471  1 N - PrintToImage 
12:06:14.471  1 N - 保存配置 D:\C#\PrintNode\PrintToImage\bin\Release\net7.0\publish\Config\Core.config
12:06:14.472  1 N - NewLife.RocketMQ v2.5.2023.0904 Build 2023-09-04 12:37:18 .NET Standard 2.1
12:06:14.472  1 N - RocketMQ客户端 ©2002-2023 新生命开发团队
12:06:14.566  1 N - [_group]正在准备消费 print_pdf_toimage_send_msg
12:06:14.567  1 N - [_group]正在从名称服务器[192.168.12.12:9876]查找该Topic所在Broker服务器地址列表
12:06:14.570  1 N - [print_pdf_toimage_send_msg]集群地址：tcp://192.168.12.12:9876
12:06:14.571  1 N - [print_pdf_toimage_send_msg]正在连接[tcp://192.168.12.12:9876]
12:06:14.573  1 N - 保存配置 D:\C#\PrintNode\PrintToImage\bin\Release\net7.0\publish\Config\Socket.config
12:06:14.577  1 N - Tcp.Open tcp://0.0.0.0:8330=>192.168.12.12:9876
12:06:14.617  1 N - 发现Broker[broker-a]: 192.168.12.12:10911, reads=16, writes=16
12:06:14.621  1 N - 发现Broker[broker-a]: 192.168.12.12:10911, reads=16, writes=16
12:06:14.728  5 Y T [_group]准备从所有Broker服务器上获取消费者列表，以确定当前消费者应该负责消费的queue分片
12:06:14.747  5 Y T [_group]SYSTEM_ERROR: no consumer for this group
12:06:14.843 15 Y T [_group]准备从所有Broker服务器上获取消费者列表，以确定当前消费者应该负责消费的queue分片
12:06:14.845 15 Y T [_group]消费者列表[1]：192.168.12.36@26720
12:06:14.848 15 Y T [_group]消费重新平衡，当前消费者负责queue分片：broker-a[0,1,2,3,4,5,6,7,8,9,10,11,12,13,14,15]
12:06:14.860  7 Y P [_group]初始化offset[broker-a@0] Offset=0
12:06:14.862 14 Y P [_group]初始化offset[broker-a@1] Offset=0
12:06:14.862  7 Y P [_group]初始化offset[broker-a@2] Offset=0
12:06:14.863  9 Y P [_group]初始化offset[broker-a@3] Offset=0
12:06:14.864  7 Y P [_group]初始化offset[broker-a@4] Offset=0
12:06:14.865  7 Y P [_group]初始化offset[broker-a@5] Offset=0
12:06:14.866  9 Y P [_group]初始化offset[broker-a@6] Offset=0
12:06:14.866  9 Y P [_group]初始化offset[broker-a@7] Offset=2
12:06:14.867 14 Y P [_group]初始化offset[broker-a@8] Offset=0
12:06:14.868 14 Y P [_group]初始化offset[broker-a@9] Offset=0
12:06:14.868  7 Y P [_group]初始化offset[broker-a@10] Offset=0
12:06:14.869  9 Y P [_group]初始化offset[broker-a@11] Offset=0
12:06:14.869  9 Y P [_group]初始化offset[broker-a@12] Offset=1
12:06:14.869  9 Y P [_group]初始化offset[broker-a@13] Offset=1
12:06:14.870 14 Y P [_group]初始化offset[broker-a@14] Offset=0
12:06:14.870  9 Y P [_group]初始化offset[broker-a@15] Offset=0
12:06:24.185 25 Y T [_group]消费重新平衡，当前消费者负责queue分片：broker-a[8,9,10,11,12,13,14,15]
12:06:24.190 21 Y P [_group]初始化offset[broker-a@8] Offset=0
12:06:24.190 21 Y P [_group]初始化offset[broker-a@9] Offset=0
12:06:24.192 21 Y P [_group]初始化offset[broker-a@10] Offset=0
12:06:24.193 21 Y P [_group]初始化offset[broker-a@11] Offset=0
12:06:24.193 21 Y P [_group]初始化offset[broker-a@12] Offset=1
12:06:24.193 21 Y P [_group]初始化offset[broker-a@13] Offset=1
12:06:24.194  9 Y P [_group]初始化offset[broker-a@14] Offset=0
12:06:24.194  9 Y P [_group]初始化offset[broker-a@15] Offset=0
12:06:29.073 25 Y T [_group]消费重新平衡，当前消费者负责queue分片：broker-a[0,1,2,3,4,5,6,7]
12:06:29.076  9 Y P [_group]初始化offset[broker-a@0] Offset=0
12:06:29.077  9 Y P [_group]初始化offset[broker-a@1] Offset=0
12:06:29.078 22 Y P [_group]初始化offset[broker-a@2] Offset=0
12:06:29.079  9 Y P [_group]初始化offset[broker-a@3] Offset=0
12:06:29.079 26 Y P [_group]初始化offset[broker-a@4] Offset=0
12:06:29.080  9 Y P [_group]初始化offset[broker-a@5] Offset=0
12:06:29.081 22 Y P [_group]初始化offset[broker-a@6] Offset=0
12:06:29.081 22 Y P [_group]初始化offset[broker-a@7] Offset=2
12:06:34.879 21 Y T [_group]消费重新平衡，当前消费者负责queue分片：broker-a[0,1,2,3,4,5,6,7,8,9,10,11,12,13,14,15]
12:06:34.881 22 Y P [_group]初始化offset[broker-a@0] Offset=0
12:06:34.882 22 Y P [_group]初始化offset[broker-a@1] Offset=0
12:06:34.882 22 Y P [_group]初始化offset[broker-a@2] Offset=0
12:06:34.883 22 Y P [_group]初始化offset[broker-a@3] Offset=0
12:06:34.884 26 Y P [_group]初始化offset[broker-a@4] Offset=0
12:06:34.884 22 Y P [_group]初始化offset[broker-a@5] Offset=0
12:06:34.885 26 Y P [_group]初始化offset[broker-a@6] Offset=0
12:06:34.885 26 Y P [_group]初始化offset[broker-a@7] Offset=2
12:06:34.886 26 Y P [_group]初始化offset[broker-a@8] Offset=0
12:06:34.886 26 Y P [_group]初始化offset[broker-a@9] Offset=0
12:06:34.887 26 Y P [_group]初始化offset[broker-a@10] Offset=0
12:06:34.887 26 Y P [_group]初始化offset[broker-a@11] Offset=0
12:06:34.887 26 Y P [_group]初始化offset[broker-a@12] Offset=1
12:06:34.887 26 Y P [_group]初始化offset[broker-a@13] Offset=1
12:06:34.888 24 Y P [_group]初始化offset[broker-a@14] Offset=0
12:06:34.889 26 Y P [_group]初始化offset[broker-a@15] Offset=0
12:06:44.598 26 Y T [print_pdf_toimage_send_msg]发现Broker[broker-a]: 192.168.12.12:10911, reads=16, writes=16
12:09:22.808 32 Y T [_group]消费重新平衡，当前消费者负责queue分片：broker-a[8,9,10,11,12,13,14,15]
12:09:22.810 37 Y P [_group]初始化offset[broker-a@8] Offset=0
12:09:22.811 37 Y P [_group]初始化offset[broker-a@9] Offset=0
12:09:22.812 37 Y P [_group]初始化offset[broker-a@10] Offset=0
12:09:22.813 34 Y P [_group]初始化offset[broker-a@11] Offset=0
12:09:22.813 34 Y P [_group]初始化offset[broker-a@12] Offset=1
12:09:22.813 34 Y P [_group]初始化offset[broker-a@13] Offset=1
12:09:22.814 37 Y P [_group]初始化offset[broker-a@14] Offset=0
12:09:22.815 34 Y P [_group]初始化offset[broker-a@15] Offset=0
12:09:56.050 40 Y T [_group]消费重新平衡，当前消费者负责queue分片：broker-a[0,1,2,3,4,5,6,7,8,9,10,11,12,13,14,15]
12:09:56.052 37 Y P [_group]初始化offset[broker-a@0] Offset=0
12:09:56.053 37 Y P [_group]初始化offset[broker-a@1] Offset=0
12:09:56.053 32 Y P [_group]初始化offset[broker-a@2] Offset=0
12:09:56.055 32 Y P [_group]初始化offset[broker-a@3] Offset=0
12:09:56.055 32 Y P [_group]初始化offset[broker-a@4] Offset=0
12:09:56.056 37 Y P [_group]初始化offset[broker-a@5] Offset=0
12:09:56.057 32 Y P [_group]初始化offset[broker-a@6] Offset=0
12:09:56.057 32 Y P [_group]初始化offset[broker-a@7] Offset=2
12:09:56.058 32 Y P [_group]初始化offset[broker-a@8] Offset=0
12:09:56.058 32 Y P [_group]初始化offset[broker-a@9] Offset=0
12:09:56.059 37 Y P [_group]初始化offset[broker-a@10] Offset=0
12:09:56.060 37 Y P [_group]初始化offset[broker-a@11] Offset=0
12:09:56.060 37 Y P [_group]初始化offset[broker-a@12] Offset=1
12:09:56.060 37 Y P [_group]初始化offset[broker-a@13] Offset=1
12:09:56.060 37 Y P [_group]初始化offset[broker-a@14] Offset=0
12:09:56.061 37 Y P [_group]初始化offset[broker-a@15] Offset=0
12:09:58.767 37 Y T [_group]消费重新平衡，当前消费者负责queue分片：broker-a[8,9,10,11,12,13,14,15]
12:09:58.770 38 Y P [_group]初始化offset[broker-a@8] Offset=0
12:09:58.771 35 Y P [_group]初始化offset[broker-a@9] Offset=0
12:09:58.772 38 Y P [_group]初始化offset[broker-a@10] Offset=0
12:09:58.773 38 Y P [_group]初始化offset[broker-a@11] Offset=0
12:09:58.773 38 Y P [_group]初始化offset[broker-a@12] Offset=1
12:09:58.773 38 Y P [_group]初始化offset[broker-a@13] Offset=1
12:09:58.774 35 Y P [_group]初始化offset[broker-a@14] Offset=0
12:09:58.775 38 Y P [_group]初始化offset[broker-a@15] Offset=0
12:13:36.967 38 Y T [_group]消费重新平衡，当前消费者负责queue分片：broker-a[0,1,2,3,4,5,6,7,8,9,10,11,12,13,14,15]
12:13:36.970 44 Y P [_group]初始化offset[broker-a@0] Offset=0
12:13:36.970 32 Y P [_group]初始化offset[broker-a@1] Offset=0
12:13:36.971 34 Y P [_group]初始化offset[broker-a@2] Offset=0
12:13:36.972 34 Y P [_group]初始化offset[broker-a@3] Offset=0
12:13:36.973 44 Y P [_group]初始化offset[broker-a@4] Offset=0
12:13:36.974 44 Y P [_group]初始化offset[broker-a@5] Offset=0
12:13:36.975 44 Y P [_group]初始化offset[broker-a@6] Offset=0
12:13:36.975 44 Y P [_group]初始化offset[broker-a@7] Offset=2
12:13:36.976 44 Y P [_group]初始化offset[broker-a@8] Offset=0
12:13:36.976 44 Y P [_group]初始化offset[broker-a@9] Offset=0
12:13:36.977 32 Y P [_group]初始化offset[broker-a@10] Offset=0
12:13:36.978 44 Y P [_group]初始化offset[broker-a@11] Offset=0
12:13:36.978 44 Y P [_group]初始化offset[broker-a@12] Offset=1
12:13:36.978 44 Y P [_group]初始化offset[broker-a@13] Offset=1
12:13:36.979 44 Y P [_group]初始化offset[broker-a@14] Offset=0
12:13:36.979 32 Y P [_group]初始化offset[broker-a@15] Offset=0
12:16:33.432 38 Y T [_group]消费重新平衡，当前消费者负责queue分片：broker-a[8,9,10,11,12,13,14,15]
12:16:33.435 45 Y P [_group]初始化offset[broker-a@8] Offset=0
12:16:33.435 45 Y P [_group]初始化offset[broker-a@9] Offset=0
12:16:33.436 45 Y P [_group]初始化offset[broker-a@10] Offset=0
12:16:33.437 52 Y P [_group]初始化offset[broker-a@11] Offset=0
12:16:33.437 52 Y P [_group]初始化offset[broker-a@12] Offset=1
12:16:33.437 52 Y P [_group]初始化offset[broker-a@13] Offset=1
12:16:33.438 45 Y P [_group]初始化offset[broker-a@14] Offset=0
12:16:33.438 52 Y P [_group]初始化offset[broker-a@15] Offset=0

#Software: PrintToImage
#ProcessID: 17720 x64
#AppDomain: PrintToImage
#FileName: D:\C#\PrintNode\PrintToImage\bin\Release\net7.0\publish\PrintToImage.exe
#BaseDirectory: D:\C#\PrintNode\PrintToImage\bin\Release\net7.0\publish\
#TempPath: C:\Users\qc200\AppData\Local\Temp\
#CommandLine: D:\C#\PrintNode\PrintToImage\bin\Release\net7.0\publish\PrintToImage.dll
#ApplicationType: Web
#CLR: 7.0.11, .NET 7.0.11
#OS: Microsoft Windows NT 10.0.19045.0, DESKTOP-UBP9SLV/qc200
#CPU: 8
#GC: IsServerGC=True, LatencyMode=Interactive
#ThreadPool: Min=32/32, Max=32767/1000, Available=32765/1000
#SystemStarted: 3.02:15:15.5000000
#Date: 2023-10-18
#详解：https://newlifex.com/core/log
#字段: 时间 线程ID 线程池Y/网页W/普通N/定时T 线程名/任务ID 消息内容
#Fields: Time ThreadID Kind Name Message
14:11:44.689  1 N - NewLife.Core v10.5.2023.0903 Build 2023-09-03 .NET 7.0
14:11:44.691  1 N - NewLife组件核心库 ©2002-2023 NewLife
14:11:44.691  1 N - PrintToImage v1.0.0 Build 2000-01-01 .NET 7.0
14:11:44.691  1 N - PrintToImage 
14:11:44.691  1 N - NewLife.RocketMQ v2.5.2023.0904 Build 2023-09-04 12:37:18 .NET Standard 2.1
14:11:44.691  1 N - RocketMQ客户端 ©2002-2023 新生命开发团队
14:11:44.792  1 N - [_group]正在准备消费 print_pdf_toimage_send_msg
14:11:44.794  1 N - [_group]正在从名称服务器[192.168.12.12:9876]查找该Topic所在Broker服务器地址列表
14:11:44.797  1 N - [print_pdf_toimage_send_msg]集群地址：tcp://192.168.12.12:9876
14:11:44.798  1 N - [print_pdf_toimage_send_msg]正在连接[tcp://192.168.12.12:9876]
14:11:44.817  1 N - Tcp.Open tcp://0.0.0.0:6587=>192.168.12.12:9876
14:11:44.855  1 N - 发现Broker[broker-a]: 192.168.12.12:10911, reads=16, writes=16
14:11:44.859  1 N - 发现Broker[broker-a]: 192.168.12.12:10911, reads=16, writes=16
14:11:44.962  7 Y T [_group]准备从所有Broker服务器上获取消费者列表，以确定当前消费者应该负责消费的queue分片
14:11:44.967  7 Y T [_group]消费者列表[1]：192.168.12.36@24496
14:11:44.969  7 Y T [_group]消费重新平衡，当前消费者负责queue分片：broker-a[0,1,2,3,4,5,6,7,8,9,10,11,12,13,14,15]
14:11:44.979 15 Y P [_group]初始化offset[broker-a@0] Offset=0
14:11:44.982  5 Y P [_group]初始化offset[broker-a@1] Offset=0
14:11:44.983 15 Y P [_group]初始化offset[broker-a@2] Offset=0
14:11:44.985 15 Y P [_group]初始化offset[broker-a@3] Offset=0
14:11:44.987 15 Y P [_group]初始化offset[broker-a@4] Offset=0
14:11:44.988 15 Y P [_group]初始化offset[broker-a@5] Offset=0
14:11:44.990  5 Y P [_group]初始化offset[broker-a@6] Offset=0
14:11:44.992  5 Y P [_group]初始化offset[broker-a@7] Offset=0
14:11:44.993  5 Y P [_group]初始化offset[broker-a@8] Offset=0
14:11:44.995  5 Y P [_group]初始化offset[broker-a@9] Offset=0
14:11:44.996  8 Y P [_group]初始化offset[broker-a@10] Offset=0
14:11:44.998 15 Y P [_group]初始化offset[broker-a@11] Offset=0
14:11:44.999 15 Y P [_group]初始化offset[broker-a@12] Offset=0
14:11:45.000  5 Y P [_group]初始化offset[broker-a@13] Offset=0
14:11:45.001  8 Y P [_group]初始化offset[broker-a@14] Offset=0
14:11:45.003  5 Y P [_group]初始化offset[broker-a@15] Offset=0
14:12:14.831 20 Y T [print_pdf_toimage_send_msg]发现Broker[broker-a]: 192.168.12.12:10911, reads=16, writes=16

#Software: PrintToImage
#ProcessID: 4768 x64
#AppDomain: PrintToImage
#FileName: D:\C#\PrintNode\PrintToImage\bin\Release\net7.0\publish\PrintToImage.exe
#BaseDirectory: D:\C#\PrintNode\PrintToImage\bin\Release\net7.0\publish\
#TempPath: C:\Users\qc200\AppData\Local\Temp\
#CommandLine: D:\C#\PrintNode\PrintToImage\bin\Release\net7.0\publish\PrintToImage.dll
#ApplicationType: Web
#CLR: 7.0.11, .NET 7.0.11
#OS: Microsoft Windows NT 10.0.19045.0, DESKTOP-UBP9SLV/qc200
#CPU: 8
#GC: IsServerGC=True, LatencyMode=Interactive
#ThreadPool: Min=32/32, Max=32767/1000, Available=32765/1000
#SystemStarted: 3.02:33:53.0930000
#Date: 2023-10-18
#详解：https://newlifex.com/core/log
#字段: 时间 线程ID 线程池Y/网页W/普通N/定时T 线程名/任务ID 消息内容
#Fields: Time ThreadID Kind Name Message
14:30:22.279  1 N - NewLife.Core v10.5.2023.0903 Build 2023-09-03 .NET 7.0
14:30:22.281  1 N - NewLife组件核心库 ©2002-2023 NewLife
14:30:22.282  1 N - PrintToImage v1.0.0 Build 2000-01-01 .NET 7.0
14:30:22.282  1 N - PrintToImage 
14:30:22.282  1 N - NewLife.RocketMQ v2.5.2023.0904 Build 2023-09-04 12:37:18 .NET Standard 2.1
14:30:22.282  1 N - RocketMQ客户端 ©2002-2023 新生命开发团队
14:30:22.378  1 N - [_group]正在准备消费 print_pdf_toimage_send_msg
14:30:22.379  1 N - [_group]正在从名称服务器[192.168.12.12:9876]查找该Topic所在Broker服务器地址列表
14:30:22.383  1 N - [print_pdf_toimage_send_msg]集群地址：tcp://192.168.12.12:9876
14:30:22.384  1 N - [print_pdf_toimage_send_msg]正在连接[tcp://192.168.12.12:9876]
14:30:22.391  1 N - Tcp.Open tcp://0.0.0.0:7430=>192.168.12.12:9876
14:30:22.426  1 N - 发现Broker[broker-a]: 192.168.12.12:10911, reads=16, writes=16
14:30:22.447  1 N - NewLife.RocketMQ.Protocol.ResponseException: TOPIC_NOT_EXIST: No topic route info in name server for the topic: null
See https://rocketmq.apache.org/docs/bestPractice/06FAQ for further details.
   at NewLife.RocketMQ.ClusterClient.Invoke(RequestCode request, Object body, Object extFields, Boolean ignoreError)
   at NewLife.RocketMQ.NameClient.GetRouteInfo(String topic)
   at NewLife.RocketMQ.Client.MqBase.Start()
   at NewLife.RocketMQ.Producer.Start()
   at Program.<Main>$(String[] args) in D:\C#\PrintNode\PrintToImage\Program.cs:line 45
14:30:22.464  1 N - 异常退出！
14:30:22.541 12 Y T [_group]准备从所有Broker服务器上获取消费者列表，以确定当前消费者应该负责消费的queue分片
14:30:22.546 12 Y T [_group]SYSTEM_ERROR: no consumer for this group
14:30:24.367 12 Y T [_group]准备从所有Broker服务器上获取消费者列表，以确定当前消费者应该负责消费的queue分片
14:30:24.369 12 Y T [_group]SYSTEM_ERROR: no consumer for this group
14:30:24.371 13 Y T [_group]准备从所有Broker服务器上获取消费者列表，以确定当前消费者应该负责消费的queue分片
14:30:24.373 13 Y T [_group]消费者列表[1]：192.168.12.36@4768

#Software: PrintToImage
#ProcessID: 21772 x64
#AppDomain: PrintToImage
#FileName: D:\C#\PrintNode\PrintToImage\bin\Release\net7.0\publish\PrintToImage.exe
#BaseDirectory: D:\C#\PrintNode\PrintToImage\bin\Release\net7.0\publish\
#TempPath: C:\Users\qc200\AppData\Local\Temp\
#CommandLine: D:\C#\PrintNode\PrintToImage\bin\Release\net7.0\publish\PrintToImage.dll
#ApplicationType: Web
#CLR: 7.0.11, .NET 7.0.11
#OS: Microsoft Windows NT 10.0.19045.0, DESKTOP-UBP9SLV/qc200
#CPU: 8
#GC: IsServerGC=True, LatencyMode=Interactive
#ThreadPool: Min=32/32, Max=32767/1000, Available=32765/1000
#SystemStarted: 3.02:33:57.5460000
#Date: 2023-10-18
#详解：https://newlifex.com/core/log
#字段: 时间 线程ID 线程池Y/网页W/普通N/定时T 线程名/任务ID 消息内容
#Fields: Time ThreadID Kind Name Message
14:30:26.734  1 N - NewLife.Core v10.5.2023.0903 Build 2023-09-03 .NET 7.0
14:30:26.735  1 N - NewLife组件核心库 ©2002-2023 NewLife
14:30:26.736  1 N - PrintToImage v1.0.0 Build 2000-01-01 .NET 7.0
14:30:26.736  1 N - PrintToImage 
14:30:26.736  1 N - NewLife.RocketMQ v2.5.2023.0904 Build 2023-09-04 12:37:18 .NET Standard 2.1
14:30:26.736  1 N - RocketMQ客户端 ©2002-2023 新生命开发团队
14:30:26.824  1 N - [_group]正在准备消费 print_pdf_toimage_send_msg
14:30:26.826  1 N - [_group]正在从名称服务器[192.168.12.12:9876]查找该Topic所在Broker服务器地址列表
14:30:26.829  1 N - [print_pdf_toimage_send_msg]集群地址：tcp://192.168.12.12:9876
14:30:26.830  1 N - [print_pdf_toimage_send_msg]正在连接[tcp://192.168.12.12:9876]
14:30:26.836  1 N - Tcp.Open tcp://0.0.0.0:7447=>192.168.12.12:9876
14:30:26.870  1 N - 发现Broker[broker-a]: 192.168.12.12:10911, reads=16, writes=16
14:30:26.890  1 N - NewLife.RocketMQ.Protocol.ResponseException: TOPIC_NOT_EXIST: No topic route info in name server for the topic: null
See https://rocketmq.apache.org/docs/bestPractice/06FAQ for further details.
   at NewLife.RocketMQ.ClusterClient.Invoke(RequestCode request, Object body, Object extFields, Boolean ignoreError)
   at NewLife.RocketMQ.NameClient.GetRouteInfo(String topic)
   at NewLife.RocketMQ.Client.MqBase.Start()
   at NewLife.RocketMQ.Producer.Start()
   at Program.<Main>$(String[] args) in D:\C#\PrintNode\PrintToImage\Program.cs:line 45
14:30:26.898  1 N - 异常退出！
14:30:26.975 12 Y T [_group]准备从所有Broker服务器上获取消费者列表，以确定当前消费者应该负责消费的queue分片
14:30:26.979 12 Y T [_group]SYSTEM_ERROR: no consumer for this group
14:30:28.553  5 Y T [_group]准备从所有Broker服务器上获取消费者列表，以确定当前消费者应该负责消费的queue分片
14:30:28.555  5 Y T [_group]SYSTEM_ERROR: no consumer for this group
14:30:28.557 13 Y T [_group]准备从所有Broker服务器上获取消费者列表，以确定当前消费者应该负责消费的queue分片
14:30:28.558 13 Y T [_group]消费者列表[1]：192.168.12.36@21772
14:30:28.562 13 Y T [_group]消费重新平衡，当前消费者负责queue分片：broker-a[0,1,2,3,4,5,6,7,8,9,10,11,12,13,14,15]

#Software: PrintToImage
#ProcessID: 4092 x64
#AppDomain: PrintToImage
#FileName: D:\C#\PrintNode\PrintToImage\bin\Release\net7.0\publish\PrintToImage.exe
#BaseDirectory: D:\C#\PrintNode\PrintToImage\bin\Release\net7.0\publish\
#TempPath: C:\Users\qc200\AppData\Local\Temp\
#CommandLine: D:\C#\PrintNode\PrintToImage\bin\Release\net7.0\publish\PrintToImage.dll
#ApplicationType: Web
#CLR: 7.0.11, .NET 7.0.11
#OS: Microsoft Windows NT 10.0.19045.0, DESKTOP-UBP9SLV/qc200
#CPU: 8
#GC: IsServerGC=True, LatencyMode=Interactive
#ThreadPool: Min=32/32, Max=32767/1000, Available=32765/1000
#SystemStarted: 3.02:35:56.2340000
#Date: 2023-10-18
#详解：https://newlifex.com/core/log
#字段: 时间 线程ID 线程池Y/网页W/普通N/定时T 线程名/任务ID 消息内容
#Fields: Time ThreadID Kind Name Message
14:32:25.432  1 N - NewLife.Core v10.5.2023.0903 Build 2023-09-03 .NET 7.0
14:32:25.434  1 N - NewLife组件核心库 ©2002-2023 NewLife
14:32:25.434  1 N - PrintToImage v1.0.0 Build 2000-01-01 .NET 7.0
14:32:25.434  1 N - PrintToImage 
14:32:25.434  1 N - NewLife.RocketMQ v2.5.2023.0904 Build 2023-09-04 12:37:18 .NET Standard 2.1
14:32:25.434  1 N - RocketMQ客户端 ©2002-2023 新生命开发团队
14:32:25.523  1 N - [_group]正在准备消费 print_pdf_toimage_send_msg
14:32:25.525  1 N - [_group]正在从名称服务器[192.168.12.12:9876]查找该Topic所在Broker服务器地址列表
14:32:25.528  1 N - [print_pdf_toimage_send_msg]集群地址：tcp://192.168.12.12:9876
14:32:25.528  1 N - [print_pdf_toimage_send_msg]正在连接[tcp://192.168.12.12:9876]
14:32:25.535  1 N - Tcp.Open tcp://0.0.0.0:7495=>192.168.12.12:9876
14:32:25.570  1 N - 发现Broker[broker-a]: 192.168.12.12:10911, reads=16, writes=16
14:32:25.574  1 N - 发现Broker[broker-a]: 192.168.12.12:10911, reads=16, writes=16
14:32:25.676  5 Y T [_group]准备从所有Broker服务器上获取消费者列表，以确定当前消费者应该负责消费的queue分片
14:32:25.681  5 Y T [_group]消费者列表[1]：192.168.12.36@34208
14:32:25.790  7 Y T [_group]准备从所有Broker服务器上获取消费者列表，以确定当前消费者应该负责消费的queue分片
14:32:25.791  7 Y T [_group]消费者列表[2]：192.168.12.36@34208,192.168.12.36@4092
14:32:25.795  7 Y T [_group]消费重新平衡，当前消费者负责queue分片：broker-a[8,9,10,11,12,13,14,15]
14:32:25.804  5 Y P [_group]初始化offset[broker-a@8] Offset=0
14:32:25.805  5 Y P [_group]初始化offset[broker-a@9] Offset=0
14:32:25.805  5 Y P [_group]初始化offset[broker-a@10] Offset=1
14:32:25.806  5 Y P [_group]初始化offset[broker-a@11] Offset=0
14:32:25.806  5 Y P [_group]初始化offset[broker-a@12] Offset=1
14:32:25.806  8 Y P [_group]初始化offset[broker-a@13] Offset=0
14:32:25.807  5 Y P [_group]初始化offset[broker-a@14] Offset=0
14:32:25.808  8 Y P [_group]初始化offset[broker-a@15] Offset=0
14:32:55.544 17 Y T [print_pdf_toimage_send_msg]发现Broker[broker-a]: 192.168.12.12:10911, reads=16, writes=16
14:35:54.605 17 Y T [_group]消费重新平衡，当前消费者负责queue分片：broker-a[0,1,2,3,4,5,6,7,8,9,10,11,12,13,14,15]
14:35:54.607  5 Y P [_group]初始化offset[broker-a@0] Offset=1
14:35:54.608  5 Y P [_group]初始化offset[broker-a@1] Offset=0
14:35:54.609 19 Y P [_group]初始化offset[broker-a@2] Offset=0
14:35:54.610  5 Y P [_group]初始化offset[broker-a@3] Offset=0
14:35:54.610 19 Y P [_group]初始化offset[broker-a@4] Offset=0
14:35:54.610 19 Y P [_group]初始化offset[broker-a@5] Offset=1
14:35:54.611  5 Y P [_group]初始化offset[broker-a@6] Offset=0
14:35:54.612  5 Y P [_group]初始化offset[broker-a@7] Offset=0
14:35:54.613 19 Y P [_group]初始化offset[broker-a@8] Offset=0
14:35:54.614  5 Y P [_group]初始化offset[broker-a@9] Offset=0
14:35:54.614  5 Y P [_group]初始化offset[broker-a@10] Offset=1
14:35:54.615 19 Y P [_group]初始化offset[broker-a@11] Offset=0
14:35:54.615 19 Y P [_group]初始化offset[broker-a@12] Offset=1
14:35:54.615  5 Y P [_group]初始化offset[broker-a@13] Offset=0
14:35:54.616  5 Y P [_group]初始化offset[broker-a@14] Offset=0
14:35:54.617 19 Y P [_group]初始化offset[broker-a@15] Offset=0

#Software: PrintToImage
#ProcessID: 5376 x64
#AppDomain: PrintToImage
#FileName: D:\C#\PrintNode\PrintToImage\bin\Release\net7.0\publish\PrintToImage.exe
#BaseDirectory: D:\C#\PrintNode\PrintToImage\bin\Release\net7.0\publish\
#TempPath: C:\Users\qc200\AppData\Local\Temp\
#CommandLine: D:\C#\PrintNode\PrintToImage\bin\Release\net7.0\publish\PrintToImage.dll
#ApplicationType: Web
#CLR: 7.0.11, .NET 7.0.11
#OS: Microsoft Windows NT 10.0.19045.0, DESKTOP-UBP9SLV/qc200
#CPU: 8
#GC: IsServerGC=True, LatencyMode=Interactive
#ThreadPool: Min=32/32, Max=32767/1000, Available=32765/1000
#SystemStarted: 3.02:39:43.7960000
#Date: 2023-10-18
#详解：https://newlifex.com/core/log
#字段: 时间 线程ID 线程池Y/网页W/普通N/定时T 线程名/任务ID 消息内容
#Fields: Time ThreadID Kind Name Message
14:36:12.984  1 N - NewLife.Core v10.5.2023.0903 Build 2023-09-03 .NET 7.0
14:36:12.986  1 N - NewLife组件核心库 ©2002-2023 NewLife
14:36:12.987  1 N - PrintToImage v1.0.0 Build 2000-01-01 .NET 7.0
14:36:12.987  1 N - PrintToImage 
14:36:12.987  1 N - NewLife.RocketMQ v2.5.2023.0904 Build 2023-09-04 12:37:18 .NET Standard 2.1
14:36:12.987  1 N - RocketMQ客户端 ©2002-2023 新生命开发团队
14:36:13.089  1 N - [_group]正在准备消费 print_pdf_toimage_send_msg
14:36:13.090  1 N - [_group]正在从名称服务器[192.168.12.12:9876]查找该Topic所在Broker服务器地址列表
14:36:13.093  1 N - [print_pdf_toimage_send_msg]集群地址：tcp://192.168.12.12:9876
14:36:13.094  1 N - [print_pdf_toimage_send_msg]正在连接[tcp://192.168.12.12:9876]
14:36:13.101  1 N - Tcp.Open tcp://0.0.0.0:7668=>192.168.12.12:9876
14:36:13.139  1 N - 发现Broker[broker-a]: 192.168.12.12:10911, reads=16, writes=16
14:36:13.144  1 N - 发现Broker[broker-a]: 192.168.12.12:10911, reads=16, writes=16
14:36:13.254 12 Y T [_group]准备从所有Broker服务器上获取消费者列表，以确定当前消费者应该负责消费的queue分片
14:36:13.258 12 Y T [_group]消费者列表[1]：192.168.12.36@32704
14:36:13.367  5 Y T [_group]准备从所有Broker服务器上获取消费者列表，以确定当前消费者应该负责消费的queue分片
14:36:13.368  5 Y T [_group]消费者列表[2]：192.168.12.36@32704,192.168.12.36@5376
14:36:13.371  5 Y T [_group]消费重新平衡，当前消费者负责queue分片：broker-a[8,9,10,11,12,13,14,15]
14:36:13.380 12 Y P [_group]初始化offset[broker-a@8] Offset=0
14:36:13.382 12 Y P [_group]初始化offset[broker-a@9] Offset=0
14:36:13.382 12 Y P [_group]初始化offset[broker-a@10] Offset=1
14:36:13.383 15 Y P [_group]初始化offset[broker-a@11] Offset=0
14:36:13.383 15 Y P [_group]初始化offset[broker-a@12] Offset=1
14:36:13.384  7 Y P [_group]初始化offset[broker-a@13] Offset=0
14:36:13.385 15 Y P [_group]初始化offset[broker-a@14] Offset=0
14:36:13.386 12 Y P [_group]初始化offset[broker-a@15] Offset=0
14:36:43.128  5 Y T [print_pdf_toimage_send_msg]发现Broker[broker-a]: 192.168.12.12:10911, reads=16, writes=16

#Software: PrintToImage
#ProcessID: 25664 x64
#AppDomain: PrintToImage
#FileName: D:\C#\PrintNode\PrintToImage\bin\Release\net7.0\publish\PrintToImage.exe
#BaseDirectory: D:\C#\PrintNode\PrintToImage\bin\Release\net7.0\publish\
#TempPath: C:\Users\qc200\AppData\Local\Temp\
#CommandLine: D:\C#\PrintNode\PrintToImage\bin\Release\net7.0\publish\PrintToImage.dll
#ApplicationType: Web
#CLR: 7.0.11, .NET 7.0.11
#OS: Microsoft Windows NT 10.0.19045.0, DESKTOP-UBP9SLV/qc200
#CPU: 8
#GC: IsServerGC=True, LatencyMode=Interactive
#ThreadPool: Min=32/32, Max=32767/1000, Available=32765/1000
#SystemStarted: 3.02:40:24.8120000
#Date: 2023-10-18
#详解：https://newlifex.com/core/log
#字段: 时间 线程ID 线程池Y/网页W/普通N/定时T 线程名/任务ID 消息内容
#Fields: Time ThreadID Kind Name Message
14:36:53.994  1 N - NewLife.Core v10.5.2023.0903 Build 2023-09-03 .NET 7.0
14:36:53.996  1 N - NewLife组件核心库 ©2002-2023 NewLife
14:36:53.997  1 N - PrintToImage v1.0.0 Build 2000-01-01 .NET 7.0
14:36:53.997  1 N - PrintToImage 
14:36:53.997  1 N - NewLife.RocketMQ v2.5.2023.0904 Build 2023-09-04 12:37:18 .NET Standard 2.1
14:36:53.997  1 N - RocketMQ客户端 ©2002-2023 新生命开发团队
14:36:54.096  1 N - [_group]正在准备消费 print_pdf_toimage_send_msg
14:36:54.098  1 N - [_group]正在从名称服务器[192.168.12.12:9876]查找该Topic所在Broker服务器地址列表
14:36:54.101  1 N - [print_pdf_toimage_send_msg]集群地址：tcp://192.168.12.12:9876
14:36:54.102  1 N - [print_pdf_toimage_send_msg]正在连接[tcp://192.168.12.12:9876]
14:36:54.108  1 N - Tcp.Open tcp://0.0.0.0:7689=>192.168.12.12:9876
14:36:54.142  1 N - 发现Broker[broker-a]: 192.168.12.12:10911, reads=16, writes=16
14:36:54.146  1 N - 发现Broker[broker-a]: 192.168.12.12:10911, reads=16, writes=16
14:36:54.259  7 Y T [_group]准备从所有Broker服务器上获取消费者列表，以确定当前消费者应该负责消费的queue分片
14:36:54.264  7 Y T [_group]消费者列表[1]：192.168.12.36@32704
14:36:54.370 12 Y T [_group]准备从所有Broker服务器上获取消费者列表，以确定当前消费者应该负责消费的queue分片
14:36:54.371 12 Y T [_group]消费者列表[2]：192.168.12.36@25664,192.168.12.36@32704
14:36:54.375 12 Y T [_group]消费重新平衡，当前消费者负责queue分片：broker-a[0,1,2,3,4,5,6,7]
14:36:54.381  8 Y P [_group]初始化offset[broker-a@0] Offset=1
14:36:54.383  7 Y P [_group]初始化offset[broker-a@1] Offset=0
14:36:54.384  7 Y P [_group]初始化offset[broker-a@2] Offset=0
14:36:54.385  8 Y P [_group]初始化offset[broker-a@3] Offset=0
14:36:54.386  7 Y P [_group]初始化offset[broker-a@4] Offset=0
14:36:54.386  7 Y P [_group]初始化offset[broker-a@5] Offset=1
14:36:54.387  7 Y P [_group]初始化offset[broker-a@6] Offset=0
14:36:54.388  7 Y P [_group]初始化offset[broker-a@7] Offset=0
14:37:24.143 18 Y T [print_pdf_toimage_send_msg]发现Broker[broker-a]: 192.168.12.12:10911, reads=16, writes=16
