#Software: PrintToPDFNode
#ProcessID: 14420 x64
#AppDomain: PrintToPDFNode
#FileName: D:\C#\PrintNode\PrintToPDFNode\bin\Release\net7.0\publish\PrintToPDFNode.exe
#BaseDirectory: D:\C#\PrintNode\PrintToPDFNode\bin\Release\net7.0\publish\
#TempPath: C:\Users\qc200\AppData\Local\Temp\
#CommandLine: D:\C#\PrintNode\PrintToPDFNode\bin\Release\net7.0\publish\PrintToPDFNode.dll
#ApplicationType: Web
#CLR: 7.0.11, .NET 7.0.11
#OS: Microsoft Windows NT 10.0.19045.0, DESKTOP-UBP9SLV/qc200
#CPU: 8
#GC: IsServerGC=True, LatencyMode=Interactive
#ThreadPool: Min=32/32, Max=32767/1000, Available=32765/1000
#SystemStarted: 3.00:09:52.4370000
#Date: 2023-10-18
#详解：https://newlifex.com/core/log
#字段: 时间 线程ID 线程池Y/网页W/普通N/定时T 线程名/任务ID 消息内容
#Fields: Time ThreadID Kind Name Message
12:06:21.619  1 N - NewLife.Core v10.5.2023.0903 Build 2023-09-03 .NET 7.0
12:06:21.621  1 N - NewLife组件核心库 ©2002-2023 NewLife
12:06:21.622  1 N - PrintToPDFNode v1.0.0 Build 2000-01-01 .NET 7.0
12:06:21.622  1 N - PrintToPDFNode 
12:06:21.622  1 N - 保存配置 D:\C#\PrintNode\PrintToPDFNode\bin\Release\net7.0\publish\Config\Core.config
12:06:21.622  1 N - NewLife.RocketMQ v2.5.2023.0904 Build 2023-09-04 12:37:18 .NET Standard 2.1
12:06:21.622  1 N - RocketMQ客户端 ©2002-2023 新生命开发团队
12:06:21.726  1 N - [_group]正在准备消费 print_filetopdf_send_msg
12:06:21.727  1 N - [_group]正在从名称服务器[192.168.12.12:9876]查找该Topic所在Broker服务器地址列表
12:06:21.730  1 N - [print_filetopdf_send_msg]集群地址：tcp://192.168.12.12:9876
12:06:21.731  1 N - [print_filetopdf_send_msg]正在连接[tcp://192.168.12.12:9876]
12:06:21.733  1 N - 保存配置 D:\C#\PrintNode\PrintToPDFNode\bin\Release\net7.0\publish\Config\Socket.config
12:06:21.745  1 N - Tcp.Open tcp://0.0.0.0:8342=>192.168.12.12:9876
12:06:21.781  1 N - 发现Broker[broker-a]: 192.168.12.12:10911, reads=16, writes=16
12:06:21.785  1 N - 发现Broker[broker-a]: 192.168.12.12:10911, reads=16, writes=16
12:06:21.810  1 N - System.IO.IOException: Failed to bind to address http://127.0.0.1:5000: address already in use.
 ---> Microsoft.AspNetCore.Connections.AddressInUseException: 通常每个套接字地址(协议/网络地址/端口)只允许使用一次。
 ---> System.Net.Sockets.SocketException (10048): 通常每个套接字地址(协议/网络地址/端口)只允许使用一次。
   at System.Net.Sockets.Socket.UpdateStatusAfterSocketErrorAndThrowException(SocketError error, Boolean disconnectOnFailure, String callerName)
   at System.Net.Sockets.Socket.DoBind(EndPoint endPointSnapshot, SocketAddress socketAddress)
   at System.Net.Sockets.Socket.Bind(EndPoint localEP)
   at Microsoft.AspNetCore.Server.Kestrel.Transport.Sockets.SocketTransportOptions.CreateDefaultBoundListenSocket(EndPoint endpoint)
   at Microsoft.AspNetCore.Server.Kestrel.Transport.Sockets.SocketConnectionListener.Bind()
   --- End of inner exception stack trace ---
   at Microsoft.AspNetCore.Server.Kestrel.Transport.Sockets.SocketConnectionListener.Bind()
   at Microsoft.AspNetCore.Server.Kestrel.Transport.Sockets.SocketTransportFactory.BindAsync(EndPoint endpoint, CancellationToken cancellationToken)
   at Microsoft.AspNetCore.Server.Kestrel.Core.Internal.Infrastructure.TransportManager.BindAsync(EndPoint endPoint, ConnectionDelegate connectionDelegate, EndpointConfig endpointConfig, CancellationToken cancellationToken)
   at Microsoft.AspNetCore.Server.Kestrel.Core.KestrelServerImpl.<>c__DisplayClass30_0`1.<<StartAsync>g__OnBind|0>d.MoveNext()
   at Microsoft.AspNetCore.Server.Kestrel.Core.Internal.AddressBinder.BindEndpointAsync(ListenOptions endpoint, AddressBindContext context, CancellationToken cancellationToken)
   --- End of inner exception stack trace ---
   at Microsoft.AspNetCore.Server.Kestrel.Core.Internal.AddressBinder.BindEndpointAsync(ListenOptions endpoint, AddressBindContext context, CancellationToken cancellationToken)
   at Microsoft.AspNetCore.Server.Kestrel.Core.LocalhostListenOptions.BindAsync(AddressBindContext context, CancellationToken cancellationToken)
   at Microsoft.AspNetCore.Server.Kestrel.Core.Internal.AddressBinder.DefaultAddressStrategy.BindAsync(AddressBindContext context, CancellationToken cancellationToken)
   at Microsoft.AspNetCore.Server.Kestrel.Core.Internal.AddressBinder.BindAsync(IEnumerable`1 listenOptions, AddressBindContext context, CancellationToken cancellationToken)
   at Microsoft.AspNetCore.Server.Kestrel.Core.KestrelServerImpl.BindAsync(CancellationToken cancellationToken)
   at Microsoft.AspNetCore.Server.Kestrel.Core.KestrelServerImpl.StartAsync[TContext](IHttpApplication`1 application, CancellationToken cancellationToken)
   at Microsoft.AspNetCore.Hosting.GenericWebHostService.StartAsync(CancellationToken cancellationToken)
   at Microsoft.Extensions.Hosting.Internal.Host.StartAsync(CancellationToken cancellationToken)
   at Microsoft.Extensions.Hosting.HostingAbstractionsHostExtensions.RunAsync(IHost host, CancellationToken token)
   at Microsoft.Extensions.Hosting.HostingAbstractionsHostExtensions.RunAsync(IHost host, CancellationToken token)
   at Microsoft.Extensions.Hosting.HostingAbstractionsHostExtensions.Run(IHost host)
   at Program.<Main>$(String[] args) in D:\C#\PrintNode\PrintToPDFNode\Program.cs:line 62
12:06:21.832  1 N - 异常退出！
12:06:21.888  9 Y T [_group]准备从所有Broker服务器上获取消费者列表，以确定当前消费者应该负责消费的queue分片
12:06:21.892  9 Y T [_group]消费者列表[1]：192.168.12.36@26720
12:06:24.178 14 Y T [_group]准备从所有Broker服务器上获取消费者列表，以确定当前消费者应该负责消费的queue分片
12:06:24.181 14 Y T [_group]消费者列表[1]：192.168.12.36@26720
12:06:24.184 14 Y T [_group]准备从所有Broker服务器上获取消费者列表，以确定当前消费者应该负责消费的queue分片
12:06:24.185 14 Y T [_group]消费者列表[2]：192.168.12.36@14420,192.168.12.36@26720

#Software: PrintToPDFNode
#ProcessID: 29724 x64
#AppDomain: PrintToPDFNode
#FileName: D:\C#\PrintNode\PrintToPDFNode\bin\Release\net7.0\publish\PrintToPDFNode.exe
#BaseDirectory: D:\C#\PrintNode\PrintToPDFNode\bin\Release\net7.0\publish\
#TempPath: C:\Users\qc200\AppData\Local\Temp\
#CommandLine: D:\C#\PrintNode\PrintToPDFNode\bin\Release\net7.0\publish\PrintToPDFNode.dll
#ApplicationType: Web
#CLR: 7.0.11, .NET 7.0.11
#OS: Microsoft Windows NT 10.0.19045.0, DESKTOP-UBP9SLV/qc200
#CPU: 8
#GC: IsServerGC=True, LatencyMode=Interactive
#ThreadPool: Min=32/32, Max=32767/1000, Available=32765/1000
#SystemStarted: 3.00:09:57.6090000
#Date: 2023-10-18
#详解：https://newlifex.com/core/log
#字段: 时间 线程ID 线程池Y/网页W/普通N/定时T 线程名/任务ID 消息内容
#Fields: Time ThreadID Kind Name Message
12:06:26.794  1 N - NewLife.Core v10.5.2023.0903 Build 2023-09-03 .NET 7.0
12:06:26.796  1 N - NewLife组件核心库 ©2002-2023 NewLife
12:06:26.796  1 N - PrintToPDFNode v1.0.0 Build 2000-01-01 .NET 7.0
12:06:26.796  1 N - PrintToPDFNode 
12:06:26.796  1 N - NewLife.RocketMQ v2.5.2023.0904 Build 2023-09-04 12:37:18 .NET Standard 2.1
12:06:26.796  1 N - RocketMQ客户端 ©2002-2023 新生命开发团队
12:06:26.891  1 N - [_group]正在准备消费 print_filetopdf_send_msg
12:06:26.892  1 N - [_group]正在从名称服务器[192.168.12.12:9876]查找该Topic所在Broker服务器地址列表
12:06:26.895  1 N - [print_filetopdf_send_msg]集群地址：tcp://192.168.12.12:9876
12:06:26.896  1 N - [print_filetopdf_send_msg]正在连接[tcp://192.168.12.12:9876]
12:06:26.902  1 N - Tcp.Open tcp://0.0.0.0:8346=>192.168.12.12:9876
12:06:26.934  1 N - 发现Broker[broker-a]: 192.168.12.12:10911, reads=16, writes=16
12:06:26.938  1 N - 发现Broker[broker-a]: 192.168.12.12:10911, reads=16, writes=16
12:06:26.953  1 N - System.IO.IOException: Failed to bind to address http://127.0.0.1:5000: address already in use.
 ---> Microsoft.AspNetCore.Connections.AddressInUseException: 通常每个套接字地址(协议/网络地址/端口)只允许使用一次。
 ---> System.Net.Sockets.SocketException (10048): 通常每个套接字地址(协议/网络地址/端口)只允许使用一次。
   at System.Net.Sockets.Socket.UpdateStatusAfterSocketErrorAndThrowException(SocketError error, Boolean disconnectOnFailure, String callerName)
   at System.Net.Sockets.Socket.DoBind(EndPoint endPointSnapshot, SocketAddress socketAddress)
   at System.Net.Sockets.Socket.Bind(EndPoint localEP)
   at Microsoft.AspNetCore.Server.Kestrel.Transport.Sockets.SocketTransportOptions.CreateDefaultBoundListenSocket(EndPoint endpoint)
   at Microsoft.AspNetCore.Server.Kestrel.Transport.Sockets.SocketConnectionListener.Bind()
   --- End of inner exception stack trace ---
   at Microsoft.AspNetCore.Server.Kestrel.Transport.Sockets.SocketConnectionListener.Bind()
   at Microsoft.AspNetCore.Server.Kestrel.Transport.Sockets.SocketTransportFactory.BindAsync(EndPoint endpoint, CancellationToken cancellationToken)
   at Microsoft.AspNetCore.Server.Kestrel.Core.Internal.Infrastructure.TransportManager.BindAsync(EndPoint endPoint, ConnectionDelegate connectionDelegate, EndpointConfig endpointConfig, CancellationToken cancellationToken)
   at Microsoft.AspNetCore.Server.Kestrel.Core.KestrelServerImpl.<>c__DisplayClass30_0`1.<<StartAsync>g__OnBind|0>d.MoveNext()
   at Microsoft.AspNetCore.Server.Kestrel.Core.Internal.AddressBinder.BindEndpointAsync(ListenOptions endpoint, AddressBindContext context, CancellationToken cancellationToken)
   --- End of inner exception stack trace ---
   at Microsoft.AspNetCore.Server.Kestrel.Core.Internal.AddressBinder.BindEndpointAsync(ListenOptions endpoint, AddressBindContext context, CancellationToken cancellationToken)
   at Microsoft.AspNetCore.Server.Kestrel.Core.LocalhostListenOptions.BindAsync(AddressBindContext context, CancellationToken cancellationToken)
   at Microsoft.AspNetCore.Server.Kestrel.Core.Internal.AddressBinder.DefaultAddressStrategy.BindAsync(AddressBindContext context, CancellationToken cancellationToken)
   at Microsoft.AspNetCore.Server.Kestrel.Core.Internal.AddressBinder.BindAsync(IEnumerable`1 listenOptions, AddressBindContext context, CancellationToken cancellationToken)
   at Microsoft.AspNetCore.Server.Kestrel.Core.KestrelServerImpl.BindAsync(CancellationToken cancellationToken)
   at Microsoft.AspNetCore.Server.Kestrel.Core.KestrelServerImpl.StartAsync[TContext](IHttpApplication`1 application, CancellationToken cancellationToken)
   at Microsoft.AspNetCore.Hosting.GenericWebHostService.StartAsync(CancellationToken cancellationToken)
   at Microsoft.Extensions.Hosting.Internal.Host.StartAsync(CancellationToken cancellationToken)
   at Microsoft.Extensions.Hosting.HostingAbstractionsHostExtensions.RunAsync(IHost host, CancellationToken token)
   at Microsoft.Extensions.Hosting.HostingAbstractionsHostExtensions.RunAsync(IHost host, CancellationToken token)
   at Microsoft.Extensions.Hosting.HostingAbstractionsHostExtensions.Run(IHost host)
   at Program.<Main>$(String[] args) in D:\C#\PrintNode\PrintToPDFNode\Program.cs:line 62
12:06:26.965  1 N - 异常退出！
12:06:27.038 14 Y T [_group]准备从所有Broker服务器上获取消费者列表，以确定当前消费者应该负责消费的queue分片
12:06:27.043 14 Y T [_group]消费者列表[1]：192.168.12.36@26720
12:06:29.068 14 Y T [_group]准备从所有Broker服务器上获取消费者列表，以确定当前消费者应该负责消费的queue分片
12:06:29.070 14 Y T [_group]消费者列表[1]：192.168.12.36@26720
12:06:29.072 15 Y T [_group]准备从所有Broker服务器上获取消费者列表，以确定当前消费者应该负责消费的queue分片
12:06:29.073 15 Y T [_group]消费者列表[2]：192.168.12.36@26720,192.168.12.36@29724

#Software: PrintToPDFNode
#ProcessID: 30324 x64
#AppDomain: PrintToPDFNode
#FileName: D:\C#\PrintNode\PrintToPDFNode\bin\Release\net7.0\publish\PrintToPDFNode.exe
#BaseDirectory: D:\C#\PrintNode\PrintToPDFNode\bin\Release\net7.0\publish\
#TempPath: C:\Users\qc200\AppData\Local\Temp\
#CommandLine: D:\C#\PrintNode\PrintToPDFNode\bin\Release\net7.0\publish\PrintToPDFNode.dll
#ApplicationType: Web
#CLR: 7.0.11, .NET 7.0.11
#OS: Microsoft Windows NT 10.0.19045.0, DESKTOP-UBP9SLV/qc200
#CPU: 8
#GC: IsServerGC=True, LatencyMode=Interactive
#ThreadPool: Min=32/32, Max=32767/1000, Available=32765/1000
#SystemStarted: 3.00:10:03.2650000
#Date: 2023-10-18
#详解：https://newlifex.com/core/log
#字段: 时间 线程ID 线程池Y/网页W/普通N/定时T 线程名/任务ID 消息内容
#Fields: Time ThreadID Kind Name Message
12:06:32.463  1 N - NewLife.Core v10.5.2023.0903 Build 2023-09-03 .NET 7.0
12:06:32.464  1 N - NewLife组件核心库 ©2002-2023 NewLife
12:06:32.464  1 N - PrintToPDFNode v1.0.0 Build 2000-01-01 .NET 7.0
12:06:32.464  1 N - PrintToPDFNode 
12:06:32.465  1 N - NewLife.RocketMQ v2.5.2023.0904 Build 2023-09-04 12:37:18 .NET Standard 2.1
12:06:32.465  1 N - RocketMQ客户端 ©2002-2023 新生命开发团队
12:06:32.559  1 N - [_group]正在准备消费 print_filetopdf_send_msg
12:06:32.560  1 N - [_group]正在从名称服务器[192.168.12.12:9876]查找该Topic所在Broker服务器地址列表
12:06:32.563  1 N - [print_filetopdf_send_msg]集群地址：tcp://192.168.12.12:9876
12:06:32.564  1 N - [print_filetopdf_send_msg]正在连接[tcp://192.168.12.12:9876]
12:06:32.570  1 N - Tcp.Open tcp://0.0.0.0:8350=>192.168.12.12:9876
12:06:32.602  1 N - 发现Broker[broker-a]: 192.168.12.12:10911, reads=16, writes=16
12:06:32.606  1 N - 发现Broker[broker-a]: 192.168.12.12:10911, reads=16, writes=16
12:06:32.621  1 N - System.IO.IOException: Failed to bind to address http://127.0.0.1:5000: address already in use.
 ---> Microsoft.AspNetCore.Connections.AddressInUseException: 通常每个套接字地址(协议/网络地址/端口)只允许使用一次。
 ---> System.Net.Sockets.SocketException (10048): 通常每个套接字地址(协议/网络地址/端口)只允许使用一次。
   at System.Net.Sockets.Socket.UpdateStatusAfterSocketErrorAndThrowException(SocketError error, Boolean disconnectOnFailure, String callerName)
   at System.Net.Sockets.Socket.DoBind(EndPoint endPointSnapshot, SocketAddress socketAddress)
   at System.Net.Sockets.Socket.Bind(EndPoint localEP)
   at Microsoft.AspNetCore.Server.Kestrel.Transport.Sockets.SocketTransportOptions.CreateDefaultBoundListenSocket(EndPoint endpoint)
   at Microsoft.AspNetCore.Server.Kestrel.Transport.Sockets.SocketConnectionListener.Bind()
   --- End of inner exception stack trace ---
   at Microsoft.AspNetCore.Server.Kestrel.Transport.Sockets.SocketConnectionListener.Bind()
   at Microsoft.AspNetCore.Server.Kestrel.Transport.Sockets.SocketTransportFactory.BindAsync(EndPoint endpoint, CancellationToken cancellationToken)
   at Microsoft.AspNetCore.Server.Kestrel.Core.Internal.Infrastructure.TransportManager.BindAsync(EndPoint endPoint, ConnectionDelegate connectionDelegate, EndpointConfig endpointConfig, CancellationToken cancellationToken)
   at Microsoft.AspNetCore.Server.Kestrel.Core.KestrelServerImpl.<>c__DisplayClass30_0`1.<<StartAsync>g__OnBind|0>d.MoveNext()
   at Microsoft.AspNetCore.Server.Kestrel.Core.Internal.AddressBinder.BindEndpointAsync(ListenOptions endpoint, AddressBindContext context, CancellationToken cancellationToken)
   --- End of inner exception stack trace ---
   at Microsoft.AspNetCore.Server.Kestrel.Core.Internal.AddressBinder.BindEndpointAsync(ListenOptions endpoint, AddressBindContext context, CancellationToken cancellationToken)
   at Microsoft.AspNetCore.Server.Kestrel.Core.LocalhostListenOptions.BindAsync(AddressBindContext context, CancellationToken cancellationToken)
   at Microsoft.AspNetCore.Server.Kestrel.Core.Internal.AddressBinder.DefaultAddressStrategy.BindAsync(AddressBindContext context, CancellationToken cancellationToken)
   at Microsoft.AspNetCore.Server.Kestrel.Core.Internal.AddressBinder.BindAsync(IEnumerable`1 listenOptions, AddressBindContext context, CancellationToken cancellationToken)
   at Microsoft.AspNetCore.Server.Kestrel.Core.KestrelServerImpl.BindAsync(CancellationToken cancellationToken)
   at Microsoft.AspNetCore.Server.Kestrel.Core.KestrelServerImpl.StartAsync[TContext](IHttpApplication`1 application, CancellationToken cancellationToken)
   at Microsoft.AspNetCore.Hosting.GenericWebHostService.StartAsync(CancellationToken cancellationToken)
   at Microsoft.Extensions.Hosting.Internal.Host.StartAsync(CancellationToken cancellationToken)
   at Microsoft.Extensions.Hosting.HostingAbstractionsHostExtensions.RunAsync(IHost host, CancellationToken token)
   at Microsoft.Extensions.Hosting.HostingAbstractionsHostExtensions.RunAsync(IHost host, CancellationToken token)
   at Microsoft.Extensions.Hosting.HostingAbstractionsHostExtensions.Run(IHost host)
   at Program.<Main>$(String[] args) in D:\C#\PrintNode\PrintToPDFNode\Program.cs:line 62
12:06:32.634  1 N - 异常退出！
12:06:32.714 14 Y T [_group]准备从所有Broker服务器上获取消费者列表，以确定当前消费者应该负责消费的queue分片
12:06:32.718 14 Y T [_group]消费者列表[1]：192.168.12.36@26720
12:06:34.867 11 Y T [_group]准备从所有Broker服务器上获取消费者列表，以确定当前消费者应该负责消费的queue分片
12:06:34.869 11 Y T [_group]消费者列表[1]：192.168.12.36@26720
12:06:34.871 15 Y T [_group]准备从所有Broker服务器上获取消费者列表，以确定当前消费者应该负责消费的queue分片
12:06:34.872 15 Y T [_group]消费者列表[2]：192.168.12.36@26720,192.168.12.36@30324

#Software: PrintToPDFNode
#ProcessID: 17628 x64
#AppDomain: PrintToPDFNode
#FileName: D:\C#\PrintNode\PrintToPDFNode\bin\Release\net7.0\publish\PrintToPDFNode.exe
#BaseDirectory: D:\C#\PrintNode\PrintToPDFNode\bin\Release\net7.0\publish\
#TempPath: C:\Users\qc200\AppData\Local\Temp\
#CommandLine: D:\C#\PrintNode\PrintToPDFNode\bin\Release\net7.0\publish\PrintToPDFNode.dll
#ApplicationType: Web
#CLR: 7.0.11, .NET 7.0.11
#OS: Microsoft Windows NT 10.0.19045.0, DESKTOP-UBP9SLV/qc200
#CPU: 8
#GC: IsServerGC=True, LatencyMode=Interactive
#ThreadPool: Min=32/32, Max=32767/1000, Available=32765/1000
#SystemStarted: 3.00:12:53.2500000
#Date: 2023-10-18
#详解：https://newlifex.com/core/log
#字段: 时间 线程ID 线程池Y/网页W/普通N/定时T 线程名/任务ID 消息内容
#Fields: Time ThreadID Kind Name Message
12:09:22.441  1 N - NewLife.Core v10.5.2023.0903 Build 2023-09-03 .NET 7.0
12:09:22.443  1 N - NewLife组件核心库 ©2002-2023 NewLife
12:09:22.443  1 N - PrintToPDFNode v1.0.0 Build 2000-01-01 .NET 7.0
12:09:22.443  1 N - PrintToPDFNode 
12:09:22.443  1 N - NewLife.RocketMQ v2.5.2023.0904 Build 2023-09-04 12:37:18 .NET Standard 2.1
12:09:22.443  1 N - RocketMQ客户端 ©2002-2023 新生命开发团队
12:09:22.545  1 N - [_group]正在准备消费 print_filetopdf_send_msg
12:09:22.546  1 N - [_group]正在从名称服务器[192.168.12.12:9876]查找该Topic所在Broker服务器地址列表
12:09:22.550  1 N - [print_filetopdf_send_msg]集群地址：tcp://192.168.12.12:9876
12:09:22.550  1 N - [print_filetopdf_send_msg]正在连接[tcp://192.168.12.12:9876]
12:09:22.557  1 N - Tcp.Open tcp://0.0.0.0:8594=>192.168.12.12:9876
12:09:22.591  1 N - 发现Broker[broker-a]: 192.168.12.12:10911, reads=16, writes=16
12:09:22.594  1 N - 发现Broker[broker-a]: 192.168.12.12:10911, reads=16, writes=16
12:09:22.695  7 Y T [_group]准备从所有Broker服务器上获取消费者列表，以确定当前消费者应该负责消费的queue分片
12:09:22.700  7 Y T [_group]消费者列表[1]：192.168.12.36@26720
12:09:22.807  7 Y T [_group]准备从所有Broker服务器上获取消费者列表，以确定当前消费者应该负责消费的queue分片
12:09:22.808  7 Y T [_group]消费者列表[2]：192.168.12.36@17628,192.168.12.36@26720
12:09:22.811  7 Y T [_group]消费重新平衡，当前消费者负责queue分片：broker-a[0,1,2,3,4,5,6,7]
12:09:22.823 11 Y P [_group]初始化offset[broker-a@0] Offset=0
12:09:22.825 11 Y P [_group]初始化offset[broker-a@1] Offset=0
12:09:22.827 11 Y P [_group]初始化offset[broker-a@2] Offset=0
12:09:22.828 14 Y P [_group]初始化offset[broker-a@3] Offset=-1
12:09:22.829 14 Y P [_group]初始化offset[broker-a@4] Offset=-1
12:09:22.829 14 Y P [_group]初始化offset[broker-a@5] Offset=1
12:09:22.830 14 Y P [_group]初始化offset[broker-a@6] Offset=-1
12:09:22.830 14 Y P [_group]初始化offset[broker-a@7] Offset=1
12:09:22.850 19 Y P [_group]无效的offset，可能历史消息已过期 [broker-a@2] Offset=0, NextOffset=1
12:09:22.866 16 Y P [_group]无效的offset，可能历史消息已过期 [broker-a@3] Offset=-1, NextOffset=0
12:09:22.932 18 Y P System.ArgumentNullException: Value cannot be null. (Parameter 'uriString')
   at System.ArgumentNullException.Throw(String paramName)
   at System.ArgumentNullException.ThrowIfNull(Object argument, String paramName)
   at System.Uri..ctor(String uriString)
   at PrintToPDFNode.TempFileUtil.GetUrlName(String url) in D:\C#\PrintNode\PrintToPDFNode\TempFileUtil.cs:line 31
   at PrintToPDFNode.TempFileUtil.saveFileByUrl(String url) in D:\C#\PrintNode\PrintToPDFNode\TempFileUtil.cs:line 39
   at PrintToPDFNode.ToPdfCallBack.<>c.<<-cctor>b__4_0>d.MoveNext() in D:\C#\PrintNode\PrintToPDFNode\ToPdfCallBack.cs:line 32
   at System.Threading.Tasks.Task.<>c.<ThrowAsync>b__128_1(Object state)
   at System.Threading.QueueUserWorkItemCallback.Execute()
   at System.Threading.ThreadPoolWorkQueue.Dispatch()
   at System.Threading.PortableThreadPool.WorkerThread.WorkerThreadStart()
12:09:22.945 18 Y P 异常退出！
12:09:56.040 11 Y P [_group]无效的offset，可能历史消息已过期 [broker-a@6] Offset=-1, NextOffset=0
12:09:56.040 11 Y P [_group]无效的offset，可能历史消息已过期 [broker-a@0] Offset=0, NextOffset=2
12:09:56.041 11 Y P [_group]无效的offset，可能历史消息已过期 [broker-a@4] Offset=-1, NextOffset=0
12:09:56.042 17 Y T [print_filetopdf_send_msg]发现Broker[broker-a]: 192.168.12.12:10911, reads=16, writes=16

#Software: PrintToPDFNode
#ProcessID: 19128 x64
#AppDomain: PrintToPDFNode
#FileName: D:\C#\PrintNode\PrintToPDFNode\bin\Release\net7.0\publish\PrintToPDFNode.exe
#BaseDirectory: D:\C#\PrintNode\PrintToPDFNode\bin\Release\net7.0\publish\
#TempPath: C:\Users\qc200\AppData\Local\Temp\
#CommandLine: D:\C#\PrintNode\PrintToPDFNode\bin\Release\net7.0\publish\PrintToPDFNode.dll
#ApplicationType: Web
#CLR: 7.0.11, .NET 7.0.11
#OS: Microsoft Windows NT 10.0.19045.0, DESKTOP-UBP9SLV/qc200
#CPU: 8
#GC: IsServerGC=True, LatencyMode=Interactive
#ThreadPool: Min=32/32, Max=32767/1000, Available=32765/1000
#SystemStarted: 3.00:13:29.0620000
#Date: 2023-10-18
#详解：https://newlifex.com/core/log
#字段: 时间 线程ID 线程池Y/网页W/普通N/定时T 线程名/任务ID 消息内容
#Fields: Time ThreadID Kind Name Message
12:09:58.253  1 N - NewLife.Core v10.5.2023.0903 Build 2023-09-03 .NET 7.0
12:09:58.255  1 N - NewLife组件核心库 ©2002-2023 NewLife
12:09:58.255  1 N - PrintToPDFNode v1.0.0 Build 2000-01-01 .NET 7.0
12:09:58.255  1 N - PrintToPDFNode 
12:09:58.255  1 N - NewLife.RocketMQ v2.5.2023.0904 Build 2023-09-04 12:37:18 .NET Standard 2.1
12:09:58.255  1 N - RocketMQ客户端 ©2002-2023 新生命开发团队
12:09:58.354  1 N - [_group]正在准备消费 print_filetopdf_send_msg
12:09:58.355  1 N - [_group]正在从名称服务器[192.168.12.12:9876]查找该Topic所在Broker服务器地址列表
12:09:58.358  1 N - [print_filetopdf_send_msg]集群地址：tcp://192.168.12.12:9876
12:09:58.359  1 N - [print_filetopdf_send_msg]正在连接[tcp://192.168.12.12:9876]
12:09:58.365  1 N - Tcp.Open tcp://0.0.0.0:8622=>192.168.12.12:9876
12:09:58.397  1 N - 发现Broker[broker-a]: 192.168.12.12:10911, reads=16, writes=16
12:09:58.401  1 N - 发现Broker[broker-a]: 192.168.12.12:10911, reads=16, writes=16
12:09:58.516  9 Y T [_group]准备从所有Broker服务器上获取消费者列表，以确定当前消费者应该负责消费的queue分片
12:09:58.521  9 Y T [_group]消费者列表[1]：192.168.12.36@26720
12:09:58.627 11 Y T [_group]准备从所有Broker服务器上获取消费者列表，以确定当前消费者应该负责消费的queue分片
12:09:58.628 11 Y T [_group]消费者列表[2]：192.168.12.36@19128,192.168.12.36@26720
12:09:58.631 11 Y T [_group]消费重新平衡，当前消费者负责queue分片：broker-a[0,1,2,3,4,5,6,7]
12:09:58.640  9 Y P [_group]初始化offset[broker-a@0] Offset=0
12:09:58.640  9 Y P [_group]初始化offset[broker-a@1] Offset=2
12:09:58.641  9 Y P [_group]初始化offset[broker-a@2] Offset=0
12:09:58.642 14 Y P [_group]初始化offset[broker-a@3] Offset=-1
12:09:58.643 14 Y P [_group]初始化offset[broker-a@4] Offset=-1
12:09:58.643 14 Y P [_group]初始化offset[broker-a@5] Offset=1
12:09:58.644 14 Y P [_group]初始化offset[broker-a@6] Offset=-1
12:09:58.644 14 Y P [_group]初始化offset[broker-a@7] Offset=1
12:09:58.660 21 Y P [_group]无效的offset，可能历史消息已过期 [broker-a@2] Offset=0, NextOffset=1
12:09:58.686 14 Y P [_group]无效的offset，可能历史消息已过期 [broker-a@0] Offset=0, NextOffset=2
12:10:13.766 19 Y P [_group]无效的offset，可能历史消息已过期 [broker-a@3] Offset=-1, NextOffset=0
12:10:13.766 18 Y P [_group]无效的offset，可能历史消息已过期 [broker-a@6] Offset=-1, NextOffset=0
12:10:13.766 15 Y P [_group]无效的offset，可能历史消息已过期 [broker-a@4] Offset=-1, NextOffset=0
12:10:28.383 11 Y T [print_filetopdf_send_msg]发现Broker[broker-a]: 192.168.12.12:10911, reads=16, writes=16

#Software: PrintToPDFNode
#ProcessID: 2416 x64
#AppDomain: PrintToPDFNode
#FileName: D:\C#\PrintNode\PrintToPDFNode\bin\Release\net7.0\publish\PrintToPDFNode.exe
#BaseDirectory: D:\C#\PrintNode\PrintToPDFNode\bin\Release\net7.0\publish\
#TempPath: C:\Users\qc200\AppData\Local\Temp\
#CommandLine: D:\C#\PrintNode\PrintToPDFNode\bin\Release\net7.0\publish\PrintToPDFNode.dll
#ApplicationType: Web
#CLR: 7.0.11, .NET 7.0.11
#OS: Microsoft Windows NT 10.0.19045.0, DESKTOP-UBP9SLV/qc200
#CPU: 8
#GC: IsServerGC=True, LatencyMode=Interactive
#ThreadPool: Min=32/32, Max=32767/1000, Available=32765/1000
#SystemStarted: 3.00:20:03.8590000
#Date: 2023-10-18
#详解：https://newlifex.com/core/log
#字段: 时间 线程ID 线程池Y/网页W/普通N/定时T 线程名/任务ID 消息内容
#Fields: Time ThreadID Kind Name Message
12:16:33.056  1 N - NewLife.Core v10.5.2023.0903 Build 2023-09-03 .NET 7.0
12:16:33.058  1 N - NewLife组件核心库 ©2002-2023 NewLife
12:16:33.058  1 N - PrintToPDFNode v1.0.0 Build 2000-01-01 .NET 7.0
12:16:33.058  1 N - PrintToPDFNode 
12:16:33.058  1 N - NewLife.RocketMQ v2.5.2023.0904 Build 2023-09-04 12:37:18 .NET Standard 2.1
12:16:33.058  1 N - RocketMQ客户端 ©2002-2023 新生命开发团队
12:16:33.158  1 N - [_group]正在准备消费 print_filetopdf_send_msg
12:16:33.159  1 N - [_group]正在从名称服务器[192.168.12.12:9876]查找该Topic所在Broker服务器地址列表
12:16:33.162  1 N - [print_filetopdf_send_msg]集群地址：tcp://192.168.12.12:9876
12:16:33.163  1 N - [print_filetopdf_send_msg]正在连接[tcp://192.168.12.12:9876]
12:16:33.169  1 N - Tcp.Open tcp://0.0.0.0:9013=>192.168.12.12:9876
12:16:33.201  1 N - 发现Broker[broker-a]: 192.168.12.12:10911, reads=16, writes=16
12:16:33.205  1 N - 发现Broker[broker-a]: 192.168.12.12:10911, reads=16, writes=16
12:16:33.318  9 Y T [_group]准备从所有Broker服务器上获取消费者列表，以确定当前消费者应该负责消费的queue分片
12:16:33.322  9 Y T [_group]消费者列表[1]：192.168.12.36@26720
12:16:33.432 14 Y T [_group]准备从所有Broker服务器上获取消费者列表，以确定当前消费者应该负责消费的queue分片
12:16:33.433 14 Y T [_group]消费者列表[2]：192.168.12.36@2416,192.168.12.36@26720
12:16:33.436 14 Y T [_group]消费重新平衡，当前消费者负责queue分片：broker-a[0,1,2,3,4,5,6,7]
12:16:33.444  7 Y P [_group]初始化offset[broker-a@0] Offset=0
12:16:33.444  7 Y P [_group]初始化offset[broker-a@1] Offset=2
12:16:33.446 15 Y P [_group]初始化offset[broker-a@2] Offset=0
12:16:33.447  7 Y P [_group]初始化offset[broker-a@3] Offset=-1
12:16:33.448  7 Y P [_group]初始化offset[broker-a@4] Offset=-1
12:16:33.448  7 Y P [_group]初始化offset[broker-a@5] Offset=1
12:16:33.449  7 Y P [_group]初始化offset[broker-a@6] Offset=-1
12:16:33.449  7 Y P [_group]初始化offset[broker-a@7] Offset=1
12:16:48.631 11 Y P [_group]无效的offset，可能历史消息已过期 [broker-a@0] Offset=0, NextOffset=2
12:16:48.631 22 Y P [_group]无效的offset，可能历史消息已过期 [broker-a@2] Offset=0, NextOffset=1
12:16:48.644 22 Y P [_group]无效的offset，可能历史消息已过期 [broker-a@6] Offset=-1, NextOffset=0
12:16:48.658 15 Y P [_group]无效的offset，可能历史消息已过期 [broker-a@3] Offset=-1, NextOffset=0
12:16:48.705  9 Y P [_group]无效的offset，可能历史消息已过期 [broker-a@4] Offset=-1, NextOffset=0
12:17:03.178  9 Y T [print_filetopdf_send_msg]发现Broker[broker-a]: 192.168.12.12:10911, reads=16, writes=16
12:19:28.095 22 Y P [_group]无效的offset，可能历史消息已过期 [broker-a@0] Offset=2, NextOffset=3
12:21:55.089 18 Y T [_group]队列[broker-a@0]更新偏移[3]
12:21:55.090 18 Y T [_group]队列[broker-a@2]更新偏移[2]
12:21:55.090 18 Y T [_group]队列[broker-a@3]更新偏移[0]
12:21:55.090 18 Y T [_group]队列[broker-a@4]更新偏移[0]
12:21:55.090 18 Y T [_group]队列[broker-a@6]更新偏移[0]
12:21:55.090 18 Y T [_group]消费重新平衡，当前消费者负责queue分片：broker-a[0,1,2,3,4,5,6,7,8,9,10,11,12,13,14,15]
12:21:55.092  7 Y P [_group]初始化offset[broker-a@0] Offset=3
12:21:55.092  7 Y P [_group]初始化offset[broker-a@1] Offset=2
12:21:55.092  7 Y P [_group]初始化offset[broker-a@2] Offset=2
12:21:55.093  9 Y P [_group]初始化offset[broker-a@3] Offset=0
12:21:55.094  9 Y P [_group]初始化offset[broker-a@4] Offset=0
12:21:55.094  9 Y P [_group]初始化offset[broker-a@5] Offset=1
12:21:55.095 23 Y P [_group]初始化offset[broker-a@6] Offset=0
12:21:55.095 23 Y P [_group]初始化offset[broker-a@7] Offset=1
12:21:55.095 23 Y P [_group]初始化offset[broker-a@8] Offset=1
12:21:55.095 23 Y P [_group]初始化offset[broker-a@9] Offset=2
12:21:55.096  9 Y P [_group]初始化offset[broker-a@10] Offset=-1
12:21:55.096  7 Y P [_group]初始化offset[broker-a@11] Offset=-1
12:21:55.096  7 Y P [_group]初始化offset[broker-a@12] Offset=1
12:21:55.097 23 Y P [_group]初始化offset[broker-a@13] Offset=0
12:21:55.098  7 Y P [_group]初始化offset[broker-a@14] Offset=-1
12:21:55.099  7 Y P [_group]初始化offset[broker-a@15] Offset=-1
12:21:55.101 24 Y P [_group]无效的offset，可能历史消息已过期 [broker-a@15] Offset=-1, NextOffset=0
12:21:55.101 18 Y P [_group]无效的offset，可能历史消息已过期 [broker-a@11] Offset=-1, NextOffset=0
12:21:55.101 22 Y P [_group]无效的offset，可能历史消息已过期 [broker-a@14] Offset=-1, NextOffset=0
12:21:55.101 26 Y P [_group]无效的offset，可能历史消息已过期 [broker-a@10] Offset=-1, NextOffset=0
12:21:55.104  9 Y P System.ArgumentNullException: Value cannot be null. (Parameter 'uriString')
   at System.ArgumentNullException.Throw(String paramName)
   at System.ArgumentNullException.ThrowIfNull(Object argument, String paramName)
   at System.Uri..ctor(String uriString)
   at PrintToPDFNode.TempFileUtil.GetUrlName(String url) in D:\C#\PrintNode\PrintToPDFNode\TempFileUtil.cs:line 31
   at PrintToPDFNode.TempFileUtil.saveFileByUrl(String url) in D:\C#\PrintNode\PrintToPDFNode\TempFileUtil.cs:line 39
   at PrintToPDFNode.ToPdfCallBack.<>c.<<-cctor>b__4_0>d.MoveNext() in D:\C#\PrintNode\PrintToPDFNode\ToPdfCallBack.cs:line 32
   at System.Threading.Tasks.Task.<>c.<ThrowAsync>b__128_1(Object state)
   at System.Threading.QueueUserWorkItemCallback.Execute()
   at System.Threading.ThreadPoolWorkQueue.Dispatch()
   at System.Threading.PortableThreadPool.WorkerThread.WorkerThreadStart()
12:21:55.114  9 Y P 异常退出！
12:22:28.376 29 Y T [_group]队列[broker-a@10]更新偏移[0]
12:22:28.376 29 Y T [_group]队列[broker-a@11]更新偏移[0]
12:22:28.376 29 Y T [_group]队列[broker-a@13]更新偏移[1]
12:22:28.376 29 Y T [_group]队列[broker-a@14]更新偏移[0]
12:22:28.376 29 Y T [_group]队列[broker-a@15]更新偏移[0]
12:22:28.376 29 Y T [_group]消费重新平衡，当前消费者负责queue分片：broker-a[8,9,10,11,12,13,14,15]
12:22:28.379 18 Y P [_group]初始化offset[broker-a@8] Offset=1
12:22:28.379 18 Y P [_group]初始化offset[broker-a@9] Offset=2

#Software: PrintToPDFNode
#ProcessID: 14068 x64
#AppDomain: PrintToPDFNode
#FileName: D:\C#\PrintNode\PrintToPDFNode\bin\Release\net7.0\publish\PrintToPDFNode.exe
#BaseDirectory: D:\C#\PrintNode\PrintToPDFNode\bin\Release\net7.0\publish\
#TempPath: C:\Users\qc200\AppData\Local\Temp\
#CommandLine: D:\C#\PrintNode\PrintToPDFNode\bin\Release\net7.0\publish\PrintToPDFNode.dll
#ApplicationType: Web
#CLR: 7.0.11, .NET 7.0.11
#OS: Microsoft Windows NT 10.0.19045.0, DESKTOP-UBP9SLV/qc200
#CPU: 8
#GC: IsServerGC=True, LatencyMode=Interactive
#ThreadPool: Min=32/32, Max=32767/1000, Available=32765/1000
#SystemStarted: 3.00:29:47.0620000
#Date: 2023-10-18
#详解：https://newlifex.com/core/log
#字段: 时间 线程ID 线程池Y/网页W/普通N/定时T 线程名/任务ID 消息内容
#Fields: Time ThreadID Kind Name Message
12:26:16.254  1 N - NewLife.Core v10.5.2023.0903 Build 2023-09-03 .NET 7.0
12:26:16.255  1 N - NewLife组件核心库 ©2002-2023 NewLife
12:26:16.256  1 N - PrintToPDFNode v1.0.0 Build 2000-01-01 .NET 7.0
12:26:16.256  1 N - PrintToPDFNode 
12:26:16.256  1 N - NewLife.RocketMQ v2.5.2023.0904 Build 2023-09-04 12:37:18 .NET Standard 2.1
12:26:16.256  1 N - RocketMQ客户端 ©2002-2023 新生命开发团队
12:26:16.372  1 N - [_group]正在准备消费 print_filetopdf_send_msg
12:26:16.373  1 N - [_group]正在从名称服务器[192.168.12.12:9876]查找该Topic所在Broker服务器地址列表
12:26:16.376  1 N - [print_filetopdf_send_msg]集群地址：tcp://192.168.12.12:9876
12:26:16.377  1 N - [print_filetopdf_send_msg]正在连接[tcp://192.168.12.12:9876]
12:26:16.385  1 N - Tcp.Open tcp://0.0.0.0:9451=>192.168.12.12:9876
12:26:16.422  1 N - 发现Broker[broker-a]: 192.168.12.12:10911, reads=16, writes=16
12:26:16.429  1 N - 发现Broker[broker-a]: 192.168.12.12:10911, reads=16, writes=16
12:26:16.534  7 Y T [_group]准备从所有Broker服务器上获取消费者列表，以确定当前消费者应该负责消费的queue分片
12:26:16.539  7 Y T [_group]消费者列表[1]：192.168.12.36@30752
12:26:16.663  9 Y T [_group]准备从所有Broker服务器上获取消费者列表，以确定当前消费者应该负责消费的queue分片
12:26:16.664  9 Y T [_group]消费者列表[2]：192.168.12.36@14068,192.168.12.36@30752
12:26:16.667  9 Y T [_group]消费重新平衡，当前消费者负责queue分片：broker-a[0,1,2,3,4,5,6,7]
12:26:16.673 11 Y P [_group]初始化offset[broker-a@0] Offset=3
12:26:16.673 11 Y P [_group]初始化offset[broker-a@1] Offset=2
12:26:16.673 11 Y P [_group]初始化offset[broker-a@2] Offset=2
12:26:16.675 14 Y P [_group]初始化offset[broker-a@3] Offset=0
12:26:16.676 11 Y P [_group]初始化offset[broker-a@4] Offset=0
12:26:16.676 11 Y P [_group]初始化offset[broker-a@5] Offset=1
12:26:16.677 15 Y P [_group]初始化offset[broker-a@6] Offset=0
12:26:16.677 15 Y P [_group]初始化offset[broker-a@7] Offset=1
12:26:46.386 17 Y T [print_filetopdf_send_msg]发现Broker[broker-a]: 192.168.12.12:10911, reads=16, writes=16
12:38:05.000 27 Y T [_group]消费重新平衡，当前消费者负责queue分片：broker-a[0,1,2,3,4,5,6,7,8,9,10,11,12,13,14,15]
12:38:05.001 29 Y P [_group]初始化offset[broker-a@0] Offset=3
12:38:05.001 29 Y P [_group]初始化offset[broker-a@1] Offset=2
12:38:05.001 29 Y P [_group]初始化offset[broker-a@2] Offset=2
12:38:05.002 24 Y P [_group]初始化offset[broker-a@3] Offset=0
12:38:05.003 29 Y P [_group]初始化offset[broker-a@4] Offset=0
12:38:05.003 29 Y P [_group]初始化offset[broker-a@5] Offset=1
12:38:05.004 28 Y P [_group]初始化offset[broker-a@6] Offset=0
12:38:05.004 28 Y P [_group]初始化offset[broker-a@7] Offset=1
12:38:05.004 28 Y P [_group]初始化offset[broker-a@8] Offset=1
12:38:05.004 28 Y P [_group]初始化offset[broker-a@9] Offset=2
12:38:05.005 29 Y P [_group]初始化offset[broker-a@10] Offset=0
12:38:05.005 28 Y P [_group]初始化offset[broker-a@11] Offset=0
12:38:05.005 28 Y P [_group]初始化offset[broker-a@12] Offset=1
12:38:05.006 28 Y P [_group]初始化offset[broker-a@13] Offset=1
12:38:05.006 24 Y P [_group]初始化offset[broker-a@14] Offset=0
12:38:05.007 28 Y P [_group]初始化offset[broker-a@15] Offset=0
12:38:18.187 19 Y P [_group]无效的offset，可能历史消息已过期 [broker-a@0] Offset=3, NextOffset=4
12:38:20.121 15 Y P [_group]无效的offset，可能历史消息已过期 [broker-a@1] Offset=2, NextOffset=3

#Software: PrintToPDFNode
#ProcessID: 24496 x64
#AppDomain: PrintToPDFNode
#FileName: D:\C#\PrintNode\PrintToPDFNode\bin\Release\net7.0\publish\PrintToPDFNode.exe
#BaseDirectory: D:\C#\PrintNode\PrintToPDFNode\bin\Release\net7.0\publish\
#TempPath: C:\Users\qc200\AppData\Local\Temp\
#CommandLine: D:\C#\PrintNode\PrintToPDFNode\bin\Release\net7.0\publish\PrintToPDFNode.dll
#ApplicationType: Web
#CLR: 7.0.11, .NET 7.0.11
#OS: Microsoft Windows NT 10.0.19045.0, DESKTOP-UBP9SLV/qc200
#CPU: 8
#GC: IsServerGC=True, LatencyMode=Interactive
#ThreadPool: Min=32/32, Max=32767/1000, Available=32765/1000
#SystemStarted: 3.02:15:07.6710000
#Date: 2023-10-18
#详解：https://newlifex.com/core/log
#字段: 时间 线程ID 线程池Y/网页W/普通N/定时T 线程名/任务ID 消息内容
#Fields: Time ThreadID Kind Name Message
14:11:36.858  1 N - NewLife.Core v10.5.2023.0903 Build 2023-09-03 .NET 7.0
14:11:36.860  1 N - NewLife组件核心库 ©2002-2023 NewLife
14:11:36.861  1 N - PrintToPDFNode v1.0.0 Build 2000-01-01 .NET 7.0
14:11:36.861  1 N - PrintToPDFNode 
14:11:36.861  1 N - NewLife.RocketMQ v2.5.2023.0904 Build 2023-09-04 12:37:18 .NET Standard 2.1
14:11:36.861  1 N - RocketMQ客户端 ©2002-2023 新生命开发团队
14:11:36.965  1 N - [_group]正在准备消费 print_filetopdf_send_msg
14:11:36.966  1 N - [_group]正在从名称服务器[192.168.12.12:9876]查找该Topic所在Broker服务器地址列表
14:11:36.970  1 N - [print_filetopdf_send_msg]集群地址：tcp://192.168.12.12:9876
14:11:36.970  1 N - [print_filetopdf_send_msg]正在连接[tcp://192.168.12.12:9876]
14:11:36.976  1 N - Tcp.Open tcp://0.0.0.0:6573=>192.168.12.12:9876
14:11:37.009  1 N - 发现Broker[broker-a]: 192.168.12.12:10911, reads=16, writes=16
14:11:37.012  1 N - 发现Broker[broker-a]: 192.168.12.12:10911, reads=16, writes=16
14:11:37.122 11 Y T [_group]准备从所有Broker服务器上获取消费者列表，以确定当前消费者应该负责消费的queue分片
14:11:37.141 11 Y T [_group]SYSTEM_ERROR: no consumer for this group
14:11:37.243 14 Y T [_group]准备从所有Broker服务器上获取消费者列表，以确定当前消费者应该负责消费的queue分片
14:11:37.248 14 Y T [_group]消费者列表[1]：192.168.12.36@24496
14:11:37.254 14 Y T [_group]消费重新平衡，当前消费者负责queue分片：broker-a[0,1,2,3,4,5,6,7,8,9,10,11,12,13,14,15]
14:11:37.274 15 Y P [_group]初始化offset[broker-a@0] Offset=3
14:11:37.274 15 Y P [_group]初始化offset[broker-a@1] Offset=2
14:11:37.274 15 Y P [_group]初始化offset[broker-a@2] Offset=2
14:11:37.278 11 Y P [_group]初始化offset[broker-a@3] Offset=0
14:11:37.280 11 Y P [_group]初始化offset[broker-a@4] Offset=0
14:11:37.280 11 Y P [_group]初始化offset[broker-a@5] Offset=1
14:11:37.281 11 Y P [_group]初始化offset[broker-a@6] Offset=0
14:11:37.281 11 Y P [_group]初始化offset[broker-a@7] Offset=1
14:11:37.281 11 Y P [_group]初始化offset[broker-a@8] Offset=1
14:11:37.281 11 Y P [_group]初始化offset[broker-a@9] Offset=3
14:11:37.281 11 Y P [_group]初始化offset[broker-a@10] Offset=1
14:11:37.283 11 Y P [_group]初始化offset[broker-a@11] Offset=0
14:11:37.283 11 Y P [_group]初始化offset[broker-a@12] Offset=1
14:11:37.283 11 Y P [_group]初始化offset[broker-a@13] Offset=1
14:11:37.284 11 Y P [_group]初始化offset[broker-a@14] Offset=0
14:11:37.285 11 Y P [_group]初始化offset[broker-a@15] Offset=0
14:11:37.358 11 Y P [_group]无效的offset，可能历史消息已过期 [broker-a@0] Offset=3, NextOffset=4
14:11:37.359 15 Y P [_group]无效的offset，可能历史消息已过期 [broker-a@1] Offset=2, NextOffset=3
14:12:06.976 22 Y T [print_filetopdf_send_msg]发现Broker[broker-a]: 192.168.12.12:10911, reads=16, writes=16
14:14:18.135 22 Y P [_group]无效的offset，可能历史消息已过期 [broker-a@0] Offset=4, NextOffset=5
14:17:33.146 14 Y P [_group]无效的offset，可能历史消息已过期 [broker-a@1] Offset=3, NextOffset=4

#Software: PrintToPDFNode
#ProcessID: 11972 x64
#AppDomain: PrintToPDFNode
#FileName: D:\C#\PrintNode\PrintToPDFNode\bin\Release\net7.0\publish\PrintToPDFNode.exe
#BaseDirectory: D:\C#\PrintNode\PrintToPDFNode\bin\Release\net7.0\publish\
#TempPath: C:\Users\qc200\AppData\Local\Temp\
#CommandLine: D:\C#\PrintNode\PrintToPDFNode\bin\Release\net7.0\publish\PrintToPDFNode.dll
#ApplicationType: Web
#CLR: 7.0.11, .NET 7.0.11
#OS: Microsoft Windows NT 10.0.19045.0, DESKTOP-UBP9SLV/qc200
#CPU: 8
#GC: IsServerGC=True, LatencyMode=Interactive
#ThreadPool: Min=32/32, Max=32767/1000, Available=32765/1000
#SystemStarted: 3.02:33:22.6870000
#Date: 2023-10-18
#详解：https://newlifex.com/core/log
#字段: 时间 线程ID 线程池Y/网页W/普通N/定时T 线程名/任务ID 消息内容
#Fields: Time ThreadID Kind Name Message
14:29:51.883  1 N - NewLife.Core v10.5.2023.0903 Build 2023-09-03 .NET 7.0
14:29:51.884  1 N - NewLife组件核心库 ©2002-2023 NewLife
14:29:51.884  1 N - PrintToPDFNode v1.0.0 Build 2000-01-01 .NET 7.0
14:29:51.884  1 N - PrintToPDFNode 
14:29:51.884  1 N - NewLife.RocketMQ v2.5.2023.0904 Build 2023-09-04 12:37:18 .NET Standard 2.1
14:29:51.884  1 N - RocketMQ客户端 ©2002-2023 新生命开发团队
14:29:51.980  1 N - [_group]正在准备消费 print_filetopdf_send_msg
14:29:51.981  1 N - [_group]正在从名称服务器[192.168.12.12:9876]查找该Topic所在Broker服务器地址列表
14:29:51.984  1 N - [print_filetopdf_send_msg]集群地址：tcp://192.168.12.12:9876
14:29:51.985  1 N - [print_filetopdf_send_msg]正在连接[tcp://192.168.12.12:9876]
14:29:51.991  1 N - Tcp.Open tcp://0.0.0.0:7413=>192.168.12.12:9876
14:29:52.023  1 N - 发现Broker[broker-a]: 192.168.12.12:10911, reads=16, writes=16
14:29:52.065  1 N - NewLife.RocketMQ.Protocol.ResponseException: TOPIC_NOT_EXIST: No topic route info in name server for the topic: null
See https://rocketmq.apache.org/docs/bestPractice/06FAQ for further details.
   at NewLife.RocketMQ.ClusterClient.Invoke(RequestCode request, Object body, Object extFields, Boolean ignoreError)
   at NewLife.RocketMQ.NameClient.GetRouteInfo(String topic)
   at NewLife.RocketMQ.Client.MqBase.Start()
   at NewLife.RocketMQ.Producer.Start()
   at Program.<Main>$(String[] args) in D:\C#\PrintNode\PrintToPDFNode\Program.cs:line 60
14:29:52.075  1 N - 异常退出！
14:29:52.143 14 Y T [_group]准备从所有Broker服务器上获取消费者列表，以确定当前消费者应该负责消费的queue分片
14:29:52.148 14 Y T [_group]SYSTEM_ERROR: no consumer for this group
14:29:54.212 14 Y T [_group]准备从所有Broker服务器上获取消费者列表，以确定当前消费者应该负责消费的queue分片
14:29:54.214 14 Y T [_group]SYSTEM_ERROR: no consumer for this group
14:29:54.216 15 Y T [_group]准备从所有Broker服务器上获取消费者列表，以确定当前消费者应该负责消费的queue分片
14:29:54.218 15 Y T [_group]消费者列表[1]：192.168.12.36@11972

#Software: PrintToPDFNode
#ProcessID: 34208 x64
#AppDomain: PrintToPDFNode
#FileName: D:\C#\PrintNode\PrintToPDFNode\bin\Release\net7.0\publish\PrintToPDFNode.exe
#BaseDirectory: D:\C#\PrintNode\PrintToPDFNode\bin\Release\net7.0\publish\
#TempPath: C:\Users\qc200\AppData\Local\Temp\
#CommandLine: D:\C#\PrintNode\PrintToPDFNode\bin\Release\net7.0\publish\PrintToPDFNode.dll
#ApplicationType: Web
#CLR: 7.0.11, .NET 7.0.11
#OS: Microsoft Windows NT 10.0.19045.0, DESKTOP-UBP9SLV/qc200
#CPU: 8
#GC: IsServerGC=True, LatencyMode=Interactive
#ThreadPool: Min=32/32, Max=32767/1000, Available=32765/1000
#SystemStarted: 3.02:35:51.8430000
#Date: 2023-10-18
#详解：https://newlifex.com/core/log
#字段: 时间 线程ID 线程池Y/网页W/普通N/定时T 线程名/任务ID 消息内容
#Fields: Time ThreadID Kind Name Message
14:32:21.037  1 N - NewLife.Core v10.5.2023.0903 Build 2023-09-03 .NET 7.0
14:32:21.039  1 N - NewLife组件核心库 ©2002-2023 NewLife
14:32:21.039  1 N - PrintToPDFNode v1.0.0 Build 2000-01-01 .NET 7.0
14:32:21.039  1 N - PrintToPDFNode 
14:32:21.039  1 N - NewLife.RocketMQ v2.5.2023.0904 Build 2023-09-04 12:37:18 .NET Standard 2.1
14:32:21.039  1 N - RocketMQ客户端 ©2002-2023 新生命开发团队
14:32:21.137  1 N - [_group]正在准备消费 print_filetopdf_send_msg
14:32:21.138  1 N - [_group]正在从名称服务器[192.168.12.12:9876]查找该Topic所在Broker服务器地址列表
14:32:21.141  1 N - [print_filetopdf_send_msg]集群地址：tcp://192.168.12.12:9876
14:32:21.142  1 N - [print_filetopdf_send_msg]正在连接[tcp://192.168.12.12:9876]
14:32:21.148  1 N - Tcp.Open tcp://0.0.0.0:7490=>192.168.12.12:9876
14:32:21.181  1 N - 发现Broker[broker-a]: 192.168.12.12:10911, reads=16, writes=16
14:32:21.185  1 N - 发现Broker[broker-a]: 192.168.12.12:10911, reads=16, writes=16
14:32:21.291  9 Y T [_group]准备从所有Broker服务器上获取消费者列表，以确定当前消费者应该负责消费的queue分片
14:32:21.317  9 Y T [_group]SYSTEM_ERROR: no consumer for this group
14:32:21.400  9 Y T [_group]准备从所有Broker服务器上获取消费者列表，以确定当前消费者应该负责消费的queue分片
14:32:21.402  9 Y T [_group]消费者列表[1]：192.168.12.36@34208
14:32:21.407  9 Y T [_group]消费重新平衡，当前消费者负责queue分片：broker-a[0,1,2,3,4,5,6,7,8,9,10,11,12,13,14,15]
14:32:21.414 11 Y P [_group]初始化offset[broker-a@0] Offset=3
14:32:21.414 11 Y P [_group]初始化offset[broker-a@1] Offset=2
14:32:21.414 11 Y P [_group]初始化offset[broker-a@2] Offset=2
14:32:21.416 15 Y P [_group]初始化offset[broker-a@3] Offset=0
14:32:21.417 15 Y P [_group]初始化offset[broker-a@4] Offset=0
14:32:21.417 15 Y P [_group]初始化offset[broker-a@5] Offset=1
14:32:21.417 11 Y P [_group]初始化offset[broker-a@6] Offset=0
14:32:21.417 11 Y P [_group]初始化offset[broker-a@7] Offset=1
14:32:21.417 11 Y P [_group]初始化offset[broker-a@8] Offset=1
14:32:21.417 11 Y P [_group]初始化offset[broker-a@9] Offset=3
14:32:21.417 11 Y P [_group]初始化offset[broker-a@10] Offset=1
14:32:21.418 15 Y P [_group]初始化offset[broker-a@11] Offset=0
14:32:21.418 15 Y P [_group]初始化offset[broker-a@12] Offset=1
14:32:21.418 15 Y P [_group]初始化offset[broker-a@13] Offset=1
14:32:21.418 15 Y P [_group]初始化offset[broker-a@14] Offset=1
14:32:21.418 15 Y P [_group]初始化offset[broker-a@15] Offset=1
14:32:21.432 30 Y P [_group]无效的offset，可能历史消息已过期 [broker-a@1] Offset=2, NextOffset=4
14:32:25.791 25 Y T [_group]队列[broker-a@1]更新偏移[4]
14:32:25.793 25 Y T [_group]消费重新平衡，当前消费者负责queue分片：broker-a[0,1,2,3,4,5,6,7]
14:32:25.794 27 Y P [_group]初始化offset[broker-a@0] Offset=3
14:32:25.794 27 Y P [_group]初始化offset[broker-a@1] Offset=4
14:32:25.794 27 Y P [_group]初始化offset[broker-a@2] Offset=2
14:32:25.795 27 Y P [_group]初始化offset[broker-a@3] Offset=0
14:32:25.796 27 Y P [_group]初始化offset[broker-a@4] Offset=0
14:32:25.796 27 Y P [_group]初始化offset[broker-a@5] Offset=1
14:32:25.797 27 Y P [_group]初始化offset[broker-a@6] Offset=0
14:32:25.797 27 Y P [_group]初始化offset[broker-a@7] Offset=1
14:32:25.801 18 Y P [_group]无效的offset，可能历史消息已过期 [broker-a@0] Offset=3, NextOffset=5
14:32:51.154 25 Y T [print_filetopdf_send_msg]发现Broker[broker-a]: 192.168.12.12:10911, reads=16, writes=16

#Software: PrintToPDFNode
#ProcessID: 32704 x64
#AppDomain: PrintToPDFNode
#FileName: D:\C#\PrintNode\PrintToPDFNode\bin\Release\net7.0\publish\PrintToPDFNode.exe
#BaseDirectory: D:\C#\PrintNode\PrintToPDFNode\bin\Release\net7.0\publish\
#TempPath: C:\Users\qc200\AppData\Local\Temp\
#CommandLine: D:\C#\PrintNode\PrintToPDFNode\bin\Release\net7.0\publish\PrintToPDFNode.dll
#ApplicationType: Web
#CLR: 7.0.11, .NET 7.0.11
#OS: Microsoft Windows NT 10.0.19045.0, DESKTOP-UBP9SLV/qc200
#CPU: 8
#GC: IsServerGC=True, LatencyMode=Interactive
#ThreadPool: Min=32/32, Max=32767/1000, Available=32765/1000
#SystemStarted: 3.02:39:32
#Date: 2023-10-18
#详解：https://newlifex.com/core/log
#字段: 时间 线程ID 线程池Y/网页W/普通N/定时T 线程名/任务ID 消息内容
#Fields: Time ThreadID Kind Name Message
14:36:01.185  1 N - NewLife.Core v10.5.2023.0903 Build 2023-09-03 .NET 7.0
14:36:01.187  1 N - NewLife组件核心库 ©2002-2023 NewLife
14:36:01.187  1 N - PrintToPDFNode v1.0.0 Build 2000-01-01 .NET 7.0
14:36:01.187  1 N - PrintToPDFNode 
14:36:01.187  1 N - NewLife.RocketMQ v2.5.2023.0904 Build 2023-09-04 12:37:18 .NET Standard 2.1
14:36:01.187  1 N - RocketMQ客户端 ©2002-2023 新生命开发团队
14:36:01.290  1 N - [_group]正在准备消费 print_filetopdf_send_msg
14:36:01.291  1 N - [_group]正在从名称服务器[192.168.12.12:9876]查找该Topic所在Broker服务器地址列表
14:36:01.295  1 N - [print_filetopdf_send_msg]集群地址：tcp://192.168.12.12:9876
14:36:01.296  1 N - [print_filetopdf_send_msg]正在连接[tcp://192.168.12.12:9876]
14:36:01.302  1 N - Tcp.Open tcp://0.0.0.0:7647=>192.168.12.12:9876
14:36:01.335  1 N - 发现Broker[broker-a]: 192.168.12.12:10911, reads=16, writes=16
14:36:01.338  1 N - 发现Broker[broker-a]: 192.168.12.12:10911, reads=16, writes=16
14:36:01.453  9 Y T [_group]准备从所有Broker服务器上获取消费者列表，以确定当前消费者应该负责消费的queue分片
14:36:01.471  9 Y T [_group]SYSTEM_ERROR: no consumer for this group
14:36:01.566 14 Y T [_group]准备从所有Broker服务器上获取消费者列表，以确定当前消费者应该负责消费的queue分片
14:36:01.568 14 Y T [_group]消费者列表[1]：192.168.12.36@32704
14:36:01.572 14 Y T [_group]消费重新平衡，当前消费者负责queue分片：broker-a[0,1,2,3,4,5,6,7,8,9,10,11,12,13,14,15]
14:36:01.578  9 Y P [_group]初始化offset[broker-a@0] Offset=3
14:36:01.578  9 Y P [_group]初始化offset[broker-a@1] Offset=4
14:36:01.578  9 Y P [_group]初始化offset[broker-a@2] Offset=2
14:36:01.580  7 Y P [_group]初始化offset[broker-a@3] Offset=0
14:36:01.581  9 Y P [_group]初始化offset[broker-a@4] Offset=0
14:36:01.581  9 Y P [_group]初始化offset[broker-a@5] Offset=1
14:36:01.582  7 Y P [_group]初始化offset[broker-a@6] Offset=0
14:36:01.582  7 Y P [_group]初始化offset[broker-a@7] Offset=1
14:36:01.582  7 Y P [_group]初始化offset[broker-a@8] Offset=1
14:36:01.582  7 Y P [_group]初始化offset[broker-a@9] Offset=3
14:36:01.582  7 Y P [_group]初始化offset[broker-a@10] Offset=1
14:36:01.583  7 Y P [_group]初始化offset[broker-a@11] Offset=0
14:36:01.583  7 Y P [_group]初始化offset[broker-a@12] Offset=1
14:36:01.583  7 Y P [_group]初始化offset[broker-a@13] Offset=1
14:36:01.583  7 Y P [_group]初始化offset[broker-a@14] Offset=1
14:36:01.583  7 Y P [_group]初始化offset[broker-a@15] Offset=1
14:36:01.596 29 Y P [_group]无效的offset，可能历史消息已过期 [broker-a@0] Offset=3, NextOffset=5
14:36:13.368 20 Y T [_group]队列[broker-a@0]更新偏移[5]
14:36:13.369 20 Y T [_group]消费重新平衡，当前消费者负责queue分片：broker-a[0,1,2,3,4,5,6,7]
14:36:13.371 27 Y P [_group]初始化offset[broker-a@0] Offset=5
14:36:13.371 27 Y P [_group]初始化offset[broker-a@1] Offset=4
14:36:13.371 27 Y P [_group]初始化offset[broker-a@2] Offset=2
14:36:13.372 27 Y P [_group]初始化offset[broker-a@3] Offset=0
14:36:13.373 27 Y P [_group]初始化offset[broker-a@4] Offset=0
14:36:13.373 27 Y P [_group]初始化offset[broker-a@5] Offset=1
14:36:13.373 24 Y P [_group]初始化offset[broker-a@6] Offset=0
14:36:13.373 24 Y P [_group]初始化offset[broker-a@7] Offset=1
14:36:31.318 23 Y T [print_filetopdf_send_msg]发现Broker[broker-a]: 192.168.12.12:10911, reads=16, writes=16
14:36:50.194 23 Y T [_group]消费重新平衡，当前消费者负责queue分片：broker-a[0,1,2,3,4,5,6,7,8,9,10,11,12,13,14,15]
14:36:50.196 24 Y P [_group]初始化offset[broker-a@0] Offset=5
14:36:50.196 24 Y P [_group]初始化offset[broker-a@1] Offset=4
14:36:50.196 24 Y P [_group]初始化offset[broker-a@2] Offset=2
14:36:50.197 11 Y P [_group]初始化offset[broker-a@3] Offset=0
14:36:50.197 31 Y P [_group]初始化offset[broker-a@4] Offset=0
14:36:50.197 31 Y P [_group]初始化offset[broker-a@5] Offset=1
14:36:50.198 31 Y P [_group]初始化offset[broker-a@6] Offset=0
14:36:50.198 31 Y P [_group]初始化offset[broker-a@7] Offset=1
14:36:50.198 31 Y P [_group]初始化offset[broker-a@8] Offset=1
14:36:50.198 31 Y P [_group]初始化offset[broker-a@9] Offset=4
14:36:50.198 31 Y P [_group]初始化offset[broker-a@10] Offset=1
14:36:50.199 24 Y P [_group]初始化offset[broker-a@11] Offset=0
14:36:50.199 24 Y P [_group]初始化offset[broker-a@12] Offset=1
14:36:50.199 24 Y P [_group]初始化offset[broker-a@13] Offset=1
14:36:50.199 24 Y P [_group]初始化offset[broker-a@14] Offset=1
14:36:50.199 24 Y P [_group]初始化offset[broker-a@15] Offset=1
14:36:54.371 24 Y T [_group]消费重新平衡，当前消费者负责queue分片：broker-a[8,9,10,11,12,13,14,15]
14:36:54.372 20 Y P [_group]初始化offset[broker-a@8] Offset=1
14:36:54.372 20 Y P [_group]初始化offset[broker-a@9] Offset=4
14:36:54.372 20 Y P [_group]初始化offset[broker-a@10] Offset=1
14:36:54.372 17 Y P [_group]初始化offset[broker-a@11] Offset=0
14:36:54.372 17 Y P [_group]初始化offset[broker-a@12] Offset=1
14:36:54.372 17 Y P [_group]初始化offset[broker-a@13] Offset=1
14:36:54.372 17 Y P [_group]初始化offset[broker-a@14] Offset=1
14:36:54.372 17 Y P [_group]初始化offset[broker-a@15] Offset=1
14:39:07.922 17 Y T [_group]消费重新平衡，当前消费者负责queue分片：broker-a[0,1,2,3,4,5,6,7,8,9,10,11,12,13,14,15]
14:39:07.924 32 Y P [_group]初始化offset[broker-a@0] Offset=5
14:39:07.924 32 Y P [_group]初始化offset[broker-a@1] Offset=4
14:39:07.924 32 Y P [_group]初始化offset[broker-a@2] Offset=2
14:39:07.924 32 Y P [_group]初始化offset[broker-a@3] Offset=0
14:39:07.925 24 Y P [_group]初始化offset[broker-a@4] Offset=0
14:39:07.925 24 Y P [_group]初始化offset[broker-a@5] Offset=1
14:39:07.926 32 Y P [_group]初始化offset[broker-a@6] Offset=0
14:39:07.926 32 Y P [_group]初始化offset[broker-a@7] Offset=1
14:39:07.926 32 Y P [_group]初始化offset[broker-a@8] Offset=1
14:39:07.926 32 Y P [_group]初始化offset[broker-a@9] Offset=4
14:39:07.926 32 Y P [_group]初始化offset[broker-a@10] Offset=1
14:39:07.926 32 Y P [_group]初始化offset[broker-a@11] Offset=0
14:39:07.926 32 Y P [_group]初始化offset[broker-a@12] Offset=1
14:39:07.926 32 Y P [_group]初始化offset[broker-a@13] Offset=1
14:39:07.926 32 Y P [_group]初始化offset[broker-a@14] Offset=1
14:39:07.926 32 Y P [_group]初始化offset[broker-a@15] Offset=1
15:11:07.841 42 Y P System.Net.WebException: The remote server returned an error: (403) Forbidden.
   at System.Net.HttpWebRequest.GetResponse()
   at System.Net.WebClient.GetWebResponse(WebRequest request)
   at System.Net.WebClient.DownloadBits(WebRequest request, Stream writeStream)
   at System.Net.WebClient.DownloadFile(Uri address, String fileName)
   at PrintToPDFNode.TempFileUtil.saveFileByUrl(String url) in D:\C#\PrintNode\PrintToPDFNode\TempFileUtil.cs:line 42
   at PrintToPDFNode.ToPdfCallBack.<>c.<<-cctor>b__4_0>d.MoveNext() in D:\C#\PrintNode\PrintToPDFNode\ToPdfCallBack.cs:line 32
   at System.Threading.Tasks.Task.<>c.<ThrowAsync>b__128_1(Object state)
   at System.Threading.QueueUserWorkItemCallback.Execute()
   at System.Threading.ThreadPoolWorkQueue.Dispatch()
   at System.Threading.PortableThreadPool.WorkerThread.WorkerThreadStart()
15:11:07.850 42 Y P 异常退出！

#Software: PrintToPDFNode
#ProcessID: 25928 x64
#AppDomain: PrintToPDFNode
#FileName: D:\C#\PrintNode\PrintToPDFNode\bin\Release\net7.0\publish\PrintToPDFNode.exe
#BaseDirectory: D:\C#\PrintNode\PrintToPDFNode\bin\Release\net7.0\publish\
#TempPath: C:\Users\qc200\AppData\Local\Temp\
#CommandLine: D:\C#\PrintNode\PrintToPDFNode\bin\Release\net7.0\publish\PrintToPDFNode.dll
#ApplicationType: Web
#CLR: 7.0.11, .NET 7.0.11
#OS: Microsoft Windows NT 10.0.19045.0, DESKTOP-UBP9SLV/qc200
#CPU: 8
#GC: IsServerGC=True, LatencyMode=Interactive
#ThreadPool: Min=32/32, Max=32767/1000, Available=32765/1000
#SystemStarted: 3.03:15:48.1250000
#Date: 2023-10-18
#详解：https://newlifex.com/core/log
#字段: 时间 线程ID 线程池Y/网页W/普通N/定时T 线程名/任务ID 消息内容
#Fields: Time ThreadID Kind Name Message
15:12:17.324  1 N - NewLife.Core v10.5.2023.0903 Build 2023-09-03 .NET 7.0
15:12:17.325  1 N - NewLife组件核心库 ©2002-2023 NewLife
15:12:17.326  1 N - PrintToPDFNode v1.0.0 Build 2000-01-01 .NET 7.0
15:12:17.326  1 N - PrintToPDFNode 
15:12:17.326  1 N - NewLife.RocketMQ v2.5.2023.0904 Build 2023-09-04 12:37:18 .NET Standard 2.1
15:12:17.326  1 N - RocketMQ客户端 ©2002-2023 新生命开发团队
15:12:17.426  1 N - [_group]正在准备消费 print_filetopdf_send_msg
15:12:17.427  1 N - [_group]正在从名称服务器[192.168.12.12:9876]查找该Topic所在Broker服务器地址列表
15:12:17.430  1 N - [print_filetopdf_send_msg]集群地址：tcp://192.168.12.12:9876
15:12:17.431  1 N - [print_filetopdf_send_msg]正在连接[tcp://192.168.12.12:9876]
15:12:17.437  1 N - Tcp.Open tcp://0.0.0.0:9314=>192.168.12.12:9876
15:12:17.470  1 N - 发现Broker[broker-a]: 192.168.12.12:10911, reads=16, writes=16
15:12:17.474  1 N - 发现Broker[broker-a]: 192.168.12.12:10911, reads=16, writes=16
15:12:17.583  7 Y T [_group]准备从所有Broker服务器上获取消费者列表，以确定当前消费者应该负责消费的queue分片
15:12:17.602  7 Y T [_group]SYSTEM_ERROR: no consumer for this group
15:12:17.710 14 Y T [_group]准备从所有Broker服务器上获取消费者列表，以确定当前消费者应该负责消费的queue分片
15:12:17.712 14 Y T [_group]消费者列表[1]：192.168.12.36@25928
15:12:17.714 14 Y T [_group]消费重新平衡，当前消费者负责queue分片：broker-a[0,1,2,3,4,5,6,7,8,9,10,11,12,13,14,15]
15:12:17.721 11 Y P [_group]初始化offset[broker-a@0] Offset=6
15:12:17.721 11 Y P [_group]初始化offset[broker-a@1] Offset=4
15:12:17.721 11 Y P [_group]初始化offset[broker-a@2] Offset=2
15:12:17.721 11 Y P [_group]初始化offset[broker-a@3] Offset=2
15:12:17.723  9 Y P [_group]初始化offset[broker-a@4] Offset=0
15:12:17.723  9 Y P [_group]初始化offset[broker-a@5] Offset=1
15:12:17.723  9 Y P [_group]初始化offset[broker-a@6] Offset=1
15:12:17.723  9 Y P [_group]初始化offset[broker-a@7] Offset=1
15:12:17.723  9 Y P [_group]初始化offset[broker-a@8] Offset=1
15:12:17.723  9 Y P [_group]初始化offset[broker-a@9] Offset=4
15:12:17.723  9 Y P [_group]初始化offset[broker-a@10] Offset=1
15:12:17.725  9 Y P [_group]初始化offset[broker-a@11] Offset=0
15:12:17.725  9 Y P [_group]初始化offset[broker-a@12] Offset=1
15:12:17.725  9 Y P [_group]初始化offset[broker-a@13] Offset=3
15:12:17.725  9 Y P [_group]初始化offset[broker-a@14] Offset=1
15:12:17.725  9 Y P [_group]初始化offset[broker-a@15] Offset=2
15:12:47.455 19 Y T [print_filetopdf_send_msg]发现Broker[broker-a]: 192.168.12.12:10911, reads=16, writes=16
