#Software: PrintNode
#ProcessID: 52780 x64
#AppDomain: PrintNode
#FileName: D:\C#\PrintNode\PrintNode\bin\Debug\net7.0\PrintNode.exe
#BaseDirectory: D:\C#\PrintNode\PrintNode\bin\Debug\net7.0\
#CurrentDirectory: D:\C#\PrintNode\PrintNode
#TempPath: C:\Users\qc200\AppData\Local\Temp\
#CommandLine: D:\C#\PrintNode\PrintNode\bin\Debug\net7.0\PrintNode.dll
#ApplicationType: Web
#CLR: 7.0.11, .NET 7.0.11
#OS: Microsoft Windows NT 10.0.19045.0, DESKTOP-UBP9SLV/qc200
#CPU: 8
#GC: IsServerGC=True, LatencyMode=Interactive
#ThreadPool: Min=32/32, Max=32767/1000, Available=32765/1000
#SystemStarted: 7.00:48:00.1560000
#Date: 2023-10-29
#详解：https://newlifex.com/core/log
#字段: 时间 线程ID 线程池Y/网页W/普通N/定时T 线程名/任务ID 消息内容
#Fields: Time ThreadID Kind Name Message
16:09:06.469  1 N - NewLife.Core v10.5.2023.0903 Build 2023-09-03 .NET 7.0
16:09:06.472  1 N - NewLife组件核心库 ©2002-2023 NewLife
16:09:06.472  1 N - PrintNode v1.0.0 Build 2000-01-01 .NET 7.0
16:09:06.472  1 N - PrintNode 
16:09:06.472  1 N - NewLife.RocketMQ v2.5.2023.0904 Build 2023-09-04 12:37:18 .NET Standard 2.1
16:09:06.472  1 N - RocketMQ客户端 ©2002-2023 新生命开发团队
16:09:06.556  1 N - [print_send_msg_group]正在准备消费 print_send_msg
16:09:06.568  1 N - [print_send_msg_group]正在从名称服务器[192.168.12.12:9876]查找该Topic所在Broker服务器地址列表
16:09:06.572  1 N - [print_send_msg]集群地址：tcp://192.168.12.12:9876
16:09:06.573  1 N - [print_send_msg]正在连接[tcp://192.168.12.12:9876]
16:09:06.598  1 N - Tcp.Open tcp://0.0.0.0:4962=>192.168.12.12:9876
16:09:06.642  1 N - 发现Broker[broker-a]: 192.168.12.12:10911, reads=16, writes=16
16:09:06.646  1 N - 发现Broker[broker-a]: 192.168.12.12:10911, reads=16, writes=16
16:09:06.758  8 Y T [print_send_msg_group]准备从所有Broker服务器上获取消费者列表，以确定当前消费者应该负责消费的queue分片
16:09:06.777  8 Y T [print_send_msg_group]SYSTEM_ERROR: no consumer for this group
16:09:06.875  8 Y T [print_send_msg_group]准备从所有Broker服务器上获取消费者列表，以确定当前消费者应该负责消费的queue分片
16:09:06.880  8 Y T [print_send_msg_group]消费者列表[1]：192.168.12.36@52780
16:09:06.885  8 Y T [print_send_msg_group]消费重新平衡，当前消费者负责queue分片：broker-a[0,1,2,3,4,5,6,7,8,9,10,11,12,13,14,15]
16:09:06.896  6 Y P [print_send_msg_group]初始化offset[broker-a@0] Offset=1
16:09:06.896  6 Y P [print_send_msg_group]初始化offset[broker-a@1] Offset=2
16:09:06.896  6 Y P [print_send_msg_group]初始化offset[broker-a@2] Offset=1
16:09:06.896  6 Y P [print_send_msg_group]初始化offset[broker-a@3] Offset=3
16:09:06.896  6 Y P [print_send_msg_group]初始化offset[broker-a@4] Offset=3
16:09:06.896  6 Y P [print_send_msg_group]初始化offset[broker-a@5] Offset=4
16:09:06.896  6 Y P [print_send_msg_group]初始化offset[broker-a@6] Offset=5
16:09:06.896  6 Y P [print_send_msg_group]初始化offset[broker-a@7] Offset=5
16:09:06.896  6 Y P [print_send_msg_group]初始化offset[broker-a@8] Offset=8
16:09:06.896  6 Y P [print_send_msg_group]初始化offset[broker-a@9] Offset=9
16:09:06.896  6 Y P [print_send_msg_group]初始化offset[broker-a@10] Offset=7
16:09:06.896  6 Y P [print_send_msg_group]初始化offset[broker-a@11] Offset=5
16:09:06.896  6 Y P [print_send_msg_group]初始化offset[broker-a@12] Offset=5
16:09:06.896  6 Y P [print_send_msg_group]初始化offset[broker-a@13] Offset=4
16:09:06.896  6 Y P [print_send_msg_group]初始化offset[broker-a@14] Offset=2
16:09:06.896  6 Y P [print_send_msg_group]初始化offset[broker-a@15] Offset=1
16:09:36.755 25 Y T [print_send_msg]发现Broker[broker-a]: 192.168.12.12:10911, reads=16, writes=16

#Software: PrintNode
#ProcessID: 57372 x64
#AppDomain: PrintNode
#FileName: D:\C#\PrintNode\PrintNode\bin\Debug\net7.0\PrintNode.exe
#BaseDirectory: D:\C#\PrintNode\PrintNode\bin\Debug\net7.0\
#CurrentDirectory: D:\C#\PrintNode\PrintNode
#TempPath: C:\Users\qc200\AppData\Local\Temp\
#CommandLine: D:\C#\PrintNode\PrintNode\bin\Debug\net7.0\PrintNode.dll
#ApplicationType: Web
#CLR: 7.0.11, .NET 7.0.11
#OS: Microsoft Windows NT 10.0.19045.0, DESKTOP-UBP9SLV/qc200
#CPU: 8
#GC: IsServerGC=True, LatencyMode=Interactive
#ThreadPool: Min=32/32, Max=32767/1000, Available=32765/1000
#SystemStarted: 7.00:48:32.7810000
#Date: 2023-10-29
#详解：https://newlifex.com/core/log
#字段: 时间 线程ID 线程池Y/网页W/普通N/定时T 线程名/任务ID 消息内容
#Fields: Time ThreadID Kind Name Message
16:09:39.107  1 N - NewLife.Core v10.5.2023.0903 Build 2023-09-03 .NET 7.0
16:09:39.113  1 N - NewLife组件核心库 ©2002-2023 NewLife
16:09:39.113  1 N - PrintNode v1.0.0 Build 2000-01-01 .NET 7.0
16:09:39.113  1 N - PrintNode 
16:09:39.113  1 N - NewLife.RocketMQ v2.5.2023.0904 Build 2023-09-04 12:37:18 .NET Standard 2.1
16:09:39.113  1 N - RocketMQ客户端 ©2002-2023 新生命开发团队
16:09:39.210  1 N - [print_send_msg_group]正在准备消费 print_send_msg
16:09:39.218  1 N - [print_send_msg_group]正在从名称服务器[192.168.12.12:9876]查找该Topic所在Broker服务器地址列表
16:09:39.226  1 N - [print_send_msg]集群地址：tcp://192.168.12.12:9876
16:09:39.229  1 N - [print_send_msg]正在连接[tcp://192.168.12.12:9876]
16:09:39.302  1 N - Tcp.Open tcp://0.0.0.0:5214=>192.168.12.12:9876
16:09:39.374  1 N - 发现Broker[broker-a]: 192.168.12.12:10911, reads=16, writes=16
16:09:39.382  1 N - 发现Broker[broker-a]: 192.168.12.12:10911, reads=16, writes=16
16:09:39.474  6 Y T [print_send_msg_group]准备从所有Broker服务器上获取消费者列表，以确定当前消费者应该负责消费的queue分片
16:09:39.494  6 Y T [print_send_msg_group]SYSTEM_ERROR: no consumer for this group
16:09:39.593  4 Y T [print_send_msg_group]准备从所有Broker服务器上获取消费者列表，以确定当前消费者应该负责消费的queue分片
16:09:39.598  4 Y T [print_send_msg_group]消费者列表[1]：192.168.12.36@57372
16:09:39.604  4 Y T [print_send_msg_group]消费重新平衡，当前消费者负责queue分片：broker-a[0,1,2,3,4,5,6,7,8,9,10,11,12,13,14,15]
16:09:39.615  9 Y P [print_send_msg_group]初始化offset[broker-a@0] Offset=1
16:09:39.615  9 Y P [print_send_msg_group]初始化offset[broker-a@1] Offset=2
16:09:39.615  9 Y P [print_send_msg_group]初始化offset[broker-a@2] Offset=1
16:09:39.615  9 Y P [print_send_msg_group]初始化offset[broker-a@3] Offset=3
16:09:39.615  9 Y P [print_send_msg_group]初始化offset[broker-a@4] Offset=3
16:09:39.615  9 Y P [print_send_msg_group]初始化offset[broker-a@5] Offset=4
16:09:39.615  9 Y P [print_send_msg_group]初始化offset[broker-a@6] Offset=5
16:09:39.615  9 Y P [print_send_msg_group]初始化offset[broker-a@7] Offset=5
16:09:39.615  9 Y P [print_send_msg_group]初始化offset[broker-a@8] Offset=8
16:09:39.615  9 Y P [print_send_msg_group]初始化offset[broker-a@9] Offset=9
16:09:39.615  9 Y P [print_send_msg_group]初始化offset[broker-a@10] Offset=7
16:09:39.615  9 Y P [print_send_msg_group]初始化offset[broker-a@11] Offset=5
16:09:39.615  9 Y P [print_send_msg_group]初始化offset[broker-a@12] Offset=5
16:09:39.615  9 Y P [print_send_msg_group]初始化offset[broker-a@13] Offset=4
16:09:39.615  9 Y P [print_send_msg_group]初始化offset[broker-a@14] Offset=2
16:09:39.615  9 Y P [print_send_msg_group]初始化offset[broker-a@15] Offset=1
16:10:09.325 24 Y T [print_send_msg]发现Broker[broker-a]: 192.168.12.12:10911, reads=16, writes=16

#Software: PrintNode
#ProcessID: 56492 x64
#AppDomain: PrintNode
#FileName: D:\C#\PrintNode\PrintNode\bin\Debug\net7.0\PrintNode.exe
#BaseDirectory: D:\C#\PrintNode\PrintNode\bin\Debug\net7.0\
#CurrentDirectory: D:\C#\PrintNode\PrintNode
#TempPath: C:\Users\qc200\AppData\Local\Temp\
#CommandLine: D:\C#\PrintNode\PrintNode\bin\Debug\net7.0\PrintNode.dll
#ApplicationType: Web
#CLR: 7.0.11, .NET 7.0.11
#OS: Microsoft Windows NT 10.0.19045.0, DESKTOP-UBP9SLV/qc200
#CPU: 8
#GC: IsServerGC=True, LatencyMode=Interactive
#ThreadPool: Min=32/32, Max=32767/1000, Available=32765/1000
#SystemStarted: 7.01:29:01.1250000
#Date: 2023-10-29
#详解：https://newlifex.com/core/log
#字段: 时间 线程ID 线程池Y/网页W/普通N/定时T 线程名/任务ID 消息内容
#Fields: Time ThreadID Kind Name Message
16:50:07.432  1 N - NewLife.Core v10.5.2023.0903 Build 2023-09-03 .NET 7.0
16:50:07.438  1 N - NewLife组件核心库 ©2002-2023 NewLife
16:50:07.438  1 N - PrintNode v1.0.0 Build 2000-01-01 .NET 7.0
16:50:07.438  1 N - PrintNode 
16:50:07.438  1 N - NewLife.RocketMQ v2.5.2023.0904 Build 2023-09-04 12:37:18 .NET Standard 2.1
16:50:07.438  1 N - RocketMQ客户端 ©2002-2023 新生命开发团队
16:50:07.540  1 N - [print_send_msg_group]正在准备消费 print_send_msg
16:50:07.546  1 N - [print_send_msg_group]正在从名称服务器[192.168.12.12:9876]查找该Topic所在Broker服务器地址列表
16:50:07.550  1 N - [print_send_msg]集群地址：tcp://192.168.12.12:9876
16:50:07.551  1 N - [print_send_msg]正在连接[tcp://192.168.12.12:9876]
16:50:07.566  1 N - Tcp.Open tcp://0.0.0.0:3043=>192.168.12.12:9876
16:50:07.607  1 N - 发现Broker[broker-a]: 192.168.12.12:10911, reads=16, writes=16
16:50:07.611  1 N - 发现Broker[broker-a]: 192.168.12.12:10911, reads=16, writes=16
16:50:07.713  4 Y T [print_send_msg_group]准备从所有Broker服务器上获取消费者列表，以确定当前消费者应该负责消费的queue分片
16:50:07.717  4 Y T [print_send_msg_group]消费者列表[1]：192.168.12.122@9556
16:50:07.718  4 Y T [print_send_msg_group]消费重新平衡，当前消费者负责queue分片：broker-a[0,1,2,3,4,5,6,7,8,9,10,11,12,13,14,15]
16:50:07.727 10 Y P [print_send_msg_group]初始化offset[broker-a@0] Offset=1
16:50:07.727 10 Y P [print_send_msg_group]初始化offset[broker-a@1] Offset=2
16:50:07.727 10 Y P [print_send_msg_group]初始化offset[broker-a@2] Offset=1
16:50:07.727 10 Y P [print_send_msg_group]初始化offset[broker-a@3] Offset=3
16:50:07.727 10 Y P [print_send_msg_group]初始化offset[broker-a@4] Offset=3
16:50:07.727 10 Y P [print_send_msg_group]初始化offset[broker-a@5] Offset=4
16:50:07.727 10 Y P [print_send_msg_group]初始化offset[broker-a@6] Offset=5
16:50:07.727 10 Y P [print_send_msg_group]初始化offset[broker-a@7] Offset=5
16:50:07.727 10 Y P [print_send_msg_group]初始化offset[broker-a@8] Offset=8
16:50:07.727 10 Y P [print_send_msg_group]初始化offset[broker-a@9] Offset=9
16:50:07.727 10 Y P [print_send_msg_group]初始化offset[broker-a@10] Offset=7
16:50:07.727 10 Y P [print_send_msg_group]初始化offset[broker-a@11] Offset=6
16:50:07.727 10 Y P [print_send_msg_group]初始化offset[broker-a@12] Offset=5
16:50:07.727 10 Y P [print_send_msg_group]初始化offset[broker-a@13] Offset=4
16:50:07.727 10 Y P [print_send_msg_group]初始化offset[broker-a@14] Offset=3
16:50:07.727 10 Y P [print_send_msg_group]初始化offset[broker-a@15] Offset=2
16:50:37.587 10 Y T [print_send_msg]发现Broker[broker-a]: 192.168.12.12:10911, reads=16, writes=16

#Software: PrintNode
#ProcessID: 18628 x64
#AppDomain: PrintNode
#FileName: D:\C#\PrintNode\PrintNode\bin\Debug\net7.0\PrintNode.exe
#BaseDirectory: D:\C#\PrintNode\PrintNode\bin\Debug\net7.0\
#CurrentDirectory: D:\C#\PrintNode\PrintNode
#TempPath: C:\Users\qc200\AppData\Local\Temp\
#CommandLine: D:\C#\PrintNode\PrintNode\bin\Debug\net7.0\PrintNode.dll
#ApplicationType: Web
#CLR: 7.0.11, .NET 7.0.11
#OS: Microsoft Windows NT 10.0.19045.0, DESKTOP-UBP9SLV/qc200
#CPU: 8
#GC: IsServerGC=True, LatencyMode=Interactive
#ThreadPool: Min=32/32, Max=32767/1000, Available=32765/1000
#SystemStarted: 7.01:46:50.0460000
#Date: 2023-10-29
#详解：https://newlifex.com/core/log
#字段: 时间 线程ID 线程池Y/网页W/普通N/定时T 线程名/任务ID 消息内容
#Fields: Time ThreadID Kind Name Message
17:07:56.364  1 N - NewLife.Core v10.5.2023.0903 Build 2023-09-03 .NET 7.0
17:07:56.369  1 N - NewLife组件核心库 ©2002-2023 NewLife
17:07:56.369  1 N - PrintNode v1.0.0 Build 2000-01-01 .NET 7.0
17:07:56.369  1 N - PrintNode 
17:07:56.369  1 N - NewLife.RocketMQ v2.5.2023.0904 Build 2023-09-04 12:37:18 .NET Standard 2.1
17:07:56.369  1 N - RocketMQ客户端 ©2002-2023 新生命开发团队
17:07:56.455  1 N - [print_send_msg_group]正在准备消费 print_send_msg
17:07:56.461  1 N - [print_send_msg_group]正在从名称服务器[192.168.12.12:9876]查找该Topic所在Broker服务器地址列表
17:07:56.465  1 N - [print_send_msg]集群地址：tcp://192.168.12.12:9876
17:07:56.466  1 N - [print_send_msg]正在连接[tcp://192.168.12.12:9876]
17:07:56.484  1 N - Tcp.Open tcp://0.0.0.0:13507=>192.168.12.12:9876
17:07:56.532  1 N - 发现Broker[broker-a]: 192.168.12.12:10911, reads=16, writes=16
17:07:56.538  1 N - 发现Broker[broker-a]: 192.168.12.12:10911, reads=16, writes=16
17:07:56.642  4 Y T [print_send_msg_group]准备从所有Broker服务器上获取消费者列表，以确定当前消费者应该负责消费的queue分片
17:07:56.649  4 Y T [print_send_msg_group]消费者列表[1]：192.168.12.122@9556
17:07:56.650  4 Y T [print_send_msg_group]消费重新平衡，当前消费者负责queue分片：broker-a[0,1,2,3,4,5,6,7,8,9,10,11,12,13,14,15]
17:07:56.662  6 Y P [print_send_msg_group]初始化offset[broker-a@0] Offset=1
17:07:56.662  6 Y P [print_send_msg_group]初始化offset[broker-a@1] Offset=2
17:07:56.662  6 Y P [print_send_msg_group]初始化offset[broker-a@2] Offset=1
17:07:56.662  6 Y P [print_send_msg_group]初始化offset[broker-a@3] Offset=3
17:07:56.662  6 Y P [print_send_msg_group]初始化offset[broker-a@4] Offset=3
17:07:56.662  6 Y P [print_send_msg_group]初始化offset[broker-a@5] Offset=4
17:07:56.662  6 Y P [print_send_msg_group]初始化offset[broker-a@6] Offset=5
17:07:56.662  6 Y P [print_send_msg_group]初始化offset[broker-a@7] Offset=5
17:07:56.662  6 Y P [print_send_msg_group]初始化offset[broker-a@8] Offset=8
17:07:56.662  6 Y P [print_send_msg_group]初始化offset[broker-a@9] Offset=9
17:07:56.662  6 Y P [print_send_msg_group]初始化offset[broker-a@10] Offset=7
17:07:56.662  6 Y P [print_send_msg_group]初始化offset[broker-a@11] Offset=6
17:07:56.662  6 Y P [print_send_msg_group]初始化offset[broker-a@12] Offset=5
17:07:56.662  6 Y P [print_send_msg_group]初始化offset[broker-a@13] Offset=5
17:07:56.662  6 Y P [print_send_msg_group]初始化offset[broker-a@14] Offset=3
17:07:56.662  6 Y P [print_send_msg_group]初始化offset[broker-a@15] Offset=2
17:08:26.517  9 Y T [print_send_msg]发现Broker[broker-a]: 192.168.12.12:10911, reads=16, writes=16

#Software: PrintNode
#ProcessID: 48808 x64
#AppDomain: PrintNode
#FileName: D:\C#\PrintNode\PrintNode\bin\Debug\net7.0\PrintNode.exe
#BaseDirectory: D:\C#\PrintNode\PrintNode\bin\Debug\net7.0\
#CurrentDirectory: D:\C#\PrintNode\PrintNode
#TempPath: C:\Users\qc200\AppData\Local\Temp\
#CommandLine: D:\C#\PrintNode\PrintNode\bin\Debug\net7.0\PrintNode.dll
#ApplicationType: Web
#CLR: 7.0.11, .NET 7.0.11
#OS: Microsoft Windows NT 10.0.19045.0, DESKTOP-UBP9SLV/qc200
#CPU: 8
#GC: IsServerGC=True, LatencyMode=Interactive
#ThreadPool: Min=32/32, Max=32767/1000, Available=32765/1000
#SystemStarted: 7.01:47:42.9060000
#Date: 2023-10-29
#详解：https://newlifex.com/core/log
#字段: 时间 线程ID 线程池Y/网页W/普通N/定时T 线程名/任务ID 消息内容
#Fields: Time ThreadID Kind Name Message
17:08:49.230  1 N - NewLife.Core v10.5.2023.0903 Build 2023-09-03 .NET 7.0
17:08:49.233  1 N - NewLife组件核心库 ©2002-2023 NewLife
17:08:49.235  1 N - PrintNode v1.0.0 Build 2000-01-01 .NET 7.0
17:08:49.235  1 N - PrintNode 
17:08:49.235  1 N - NewLife.RocketMQ v2.5.2023.0904 Build 2023-09-04 12:37:18 .NET Standard 2.1
17:08:49.235  1 N - RocketMQ客户端 ©2002-2023 新生命开发团队
17:08:49.362  1 N - [print_send_msg_group]正在准备消费 print_send_msg
17:08:49.371  1 N - [print_send_msg_group]正在从名称服务器[192.168.12.12:9876]查找该Topic所在Broker服务器地址列表
17:08:49.377  1 N - [print_send_msg]集群地址：tcp://192.168.12.12:9876
17:08:49.378  1 N - [print_send_msg]正在连接[tcp://192.168.12.12:9876]
17:08:49.407  1 N - Tcp.Open tcp://0.0.0.0:13786=>192.168.12.12:9876
17:08:49.463  1 N - 发现Broker[broker-a]: 192.168.12.12:10911, reads=16, writes=16
17:08:49.467  1 N - 发现Broker[broker-a]: 192.168.12.12:10911, reads=16, writes=16
17:08:49.584  9 Y T [print_send_msg_group]准备从所有Broker服务器上获取消费者列表，以确定当前消费者应该负责消费的queue分片
17:08:49.588  9 Y T [print_send_msg_group]消费者列表[1]：192.168.12.122@9556
17:08:49.590  9 Y T [print_send_msg_group]消费重新平衡，当前消费者负责queue分片：broker-a[0,1,2,3,4,5,6,7,8,9,10,11,12,13,14,15]
17:08:49.601  4 Y P [print_send_msg_group]初始化offset[broker-a@0] Offset=1
17:08:49.601  4 Y P [print_send_msg_group]初始化offset[broker-a@1] Offset=2
17:08:49.601  4 Y P [print_send_msg_group]初始化offset[broker-a@2] Offset=1
17:08:49.601  4 Y P [print_send_msg_group]初始化offset[broker-a@3] Offset=3
17:08:49.601  4 Y P [print_send_msg_group]初始化offset[broker-a@4] Offset=3
17:08:49.601  4 Y P [print_send_msg_group]初始化offset[broker-a@5] Offset=4
17:08:49.601  4 Y P [print_send_msg_group]初始化offset[broker-a@6] Offset=5
17:08:49.601  4 Y P [print_send_msg_group]初始化offset[broker-a@7] Offset=5
17:08:49.601  4 Y P [print_send_msg_group]初始化offset[broker-a@8] Offset=8
17:08:49.601  4 Y P [print_send_msg_group]初始化offset[broker-a@9] Offset=9
17:08:49.601  4 Y P [print_send_msg_group]初始化offset[broker-a@10] Offset=7
17:08:49.601  4 Y P [print_send_msg_group]初始化offset[broker-a@11] Offset=6
17:08:49.601  4 Y P [print_send_msg_group]初始化offset[broker-a@12] Offset=5
17:08:49.601  4 Y P [print_send_msg_group]初始化offset[broker-a@13] Offset=5
17:08:49.601  4 Y P [print_send_msg_group]初始化offset[broker-a@14] Offset=3
17:08:49.601  4 Y P [print_send_msg_group]初始化offset[broker-a@15] Offset=2
