#Software: PrintNode
#ProcessID: 41036 x64
#AppDomain: PrintNode
#FileName: D:\C#\PrintNode\PrintNode\bin\Debug\net7.0\PrintNode.exe
#BaseDirectory: D:\C#\PrintNode\PrintNode\bin\Debug\net7.0\
#CurrentDirectory: D:\C#\PrintNode\PrintNode
#TempPath: C:\Users\qc200\AppData\Local\Temp\
#CommandLine: D:\C#\PrintNode\PrintNode\bin\Debug\net7.0\PrintNode.dll
#ApplicationType: Web
#CLR: 7.0.11, .NET 7.0.11
#OS: Microsoft Windows NT 10.0.19045.0, DESKTOP-UBP9SLV/qc200
#CPU: 8
#GC: IsServerGC=True, LatencyMode=Interactive
#ThreadPool: Min=32/32, Max=32767/1000, Available=32765/1000
#SystemStarted: 4.05:54:33.5780000
#Date: 2023-10-26
#详解：https://newlifex.com/core/log
#字段: 时间 线程ID 线程池Y/网页W/普通N/定时T 线程名/任务ID 消息内容
#Fields: Time ThreadID Kind Name Message
21:15:39.897  1 N - NewLife.Core v10.5.2023.0903 Build 2023-09-03 .NET 7.0
21:15:39.900  1 N - NewLife组件核心库 ©2002-2023 NewLife
21:15:39.900  1 N - PrintNode v1.0.0 Build 2000-01-01 .NET 7.0
21:15:39.901  1 N - PrintNode 
21:15:39.901  1 N - NewLife.RocketMQ v2.5.2023.0904 Build 2023-09-04 12:37:18 .NET Standard 2.1
21:15:39.901  1 N - RocketMQ客户端 ©2002-2023 新生命开发团队
21:15:40.133  1 N - [print_send_msg_group]正在准备消费 print_send_msg
21:15:40.140  1 N - [print_send_msg_group]正在从名称服务器[192.168.12.12:9876]查找该Topic所在Broker服务器地址列表
21:15:40.145  1 N - [print_send_msg]集群地址：tcp://192.168.12.12:9876
21:15:40.146  1 N - [print_send_msg]正在连接[tcp://192.168.12.12:9876]
21:15:40.167  1 N - Tcp.Open tcp://0.0.0.0:8676=>192.168.12.12:9876
21:15:40.373  1 N - 发现Broker[broker-a]: 192.168.12.12:10911, reads=16, writes=16
21:15:40.378  1 N - 发现Broker[broker-a]: 192.168.12.12:10911, reads=16, writes=16
21:15:40.484  8 Y T [print_send_msg_group]准备从所有Broker服务器上获取消费者列表，以确定当前消费者应该负责消费的queue分片
21:15:40.504  8 Y T [print_send_msg_group]SYSTEM_ERROR: no consumer for this group
21:15:40.610  9 Y T [print_send_msg_group]准备从所有Broker服务器上获取消费者列表，以确定当前消费者应该负责消费的queue分片
21:15:40.616  9 Y T [print_send_msg_group]消费者列表[1]：192.168.12.36@41036
21:15:40.617  9 Y T [print_send_msg_group]消费重新平衡，当前消费者负责queue分片：broker-a[0,1,2,3,4,5,6,7,8,9,10,11,12,13,14,15]
21:15:40.632  4 Y P [print_send_msg_group]初始化offset[broker-a@0] Offset=0
21:15:40.633 14 Y P [print_send_msg_group]初始化offset[broker-a@1] Offset=0
21:15:40.634 14 Y P [print_send_msg_group]初始化offset[broker-a@2] Offset=0
21:15:40.634  6 Y P [print_send_msg_group]初始化offset[broker-a@3] Offset=0
21:15:40.639  6 Y P [print_send_msg_group]初始化offset[broker-a@4] Offset=0
21:15:40.640  4 Y P [print_send_msg_group]初始化offset[broker-a@5] Offset=0
21:15:40.640  6 Y P [print_send_msg_group]初始化offset[broker-a@6] Offset=0
21:15:40.641  4 Y P [print_send_msg_group]初始化offset[broker-a@7] Offset=0
21:15:40.641  4 Y P [print_send_msg_group]初始化offset[broker-a@8] Offset=1
21:15:40.642  6 Y P [print_send_msg_group]初始化offset[broker-a@9] Offset=0
21:15:40.643 14 Y P [print_send_msg_group]初始化offset[broker-a@10] Offset=0
21:15:40.643 14 Y P [print_send_msg_group]初始化offset[broker-a@11] Offset=1
21:15:40.643  4 Y P [print_send_msg_group]初始化offset[broker-a@12] Offset=0
21:15:40.644  6 Y P [print_send_msg_group]初始化offset[broker-a@13] Offset=0
21:15:40.645  4 Y P [print_send_msg_group]初始化offset[broker-a@14] Offset=0
21:15:40.646  6 Y P [print_send_msg_group]初始化offset[broker-a@15] Offset=0
21:15:40.677  1 N - System.Net.Sockets.SocketException (10049): 在其上下文中，该请求的地址无效。
   at System.Net.Sockets.Socket.UpdateStatusAfterSocketErrorAndThrowException(SocketError error, Boolean disconnectOnFailure, String callerName)
   at System.Net.Sockets.Socket.DoBind(EndPoint endPointSnapshot, SocketAddress socketAddress)
   at System.Net.Sockets.Socket.Bind(EndPoint localEP)
   at Microsoft.AspNetCore.Server.Kestrel.Transport.Sockets.SocketTransportOptions.CreateDefaultBoundListenSocket(EndPoint endpoint)
   at Microsoft.AspNetCore.Server.Kestrel.Transport.Sockets.SocketConnectionListener.Bind()
   at Microsoft.AspNetCore.Server.Kestrel.Transport.Sockets.SocketTransportFactory.BindAsync(EndPoint endpoint, CancellationToken cancellationToken)
   at Microsoft.AspNetCore.Server.Kestrel.Core.Internal.Infrastructure.TransportManager.BindAsync(EndPoint endPoint, ConnectionDelegate connectionDelegate, EndpointConfig endpointConfig, CancellationToken cancellationToken)
   at Microsoft.AspNetCore.Server.Kestrel.Core.KestrelServerImpl.<>c__DisplayClass30_0`1.<<StartAsync>g__OnBind|0>d.MoveNext()
   at Microsoft.AspNetCore.Server.Kestrel.Core.Internal.AddressBinder.BindEndpointAsync(ListenOptions endpoint, AddressBindContext context, CancellationToken cancellationToken)
   at Microsoft.AspNetCore.Server.Kestrel.Core.ListenOptions.BindAsync(AddressBindContext context, CancellationToken cancellationToken)
   at Microsoft.AspNetCore.Server.Kestrel.Core.Internal.AddressBinder.EndpointsStrategy.BindAsync(AddressBindContext context, CancellationToken cancellationToken)
   at Microsoft.AspNetCore.Server.Kestrel.Core.Internal.AddressBinder.BindAsync(IEnumerable`1 listenOptions, AddressBindContext context, CancellationToken cancellationToken)
   at Microsoft.AspNetCore.Server.Kestrel.Core.KestrelServerImpl.BindAsync(CancellationToken cancellationToken)
   at Microsoft.AspNetCore.Server.Kestrel.Core.KestrelServerImpl.StartAsync[TContext](IHttpApplication`1 application, CancellationToken cancellationToken)
   at Microsoft.AspNetCore.Hosting.GenericWebHostService.StartAsync(CancellationToken cancellationToken)
   at Microsoft.Extensions.Hosting.Internal.Host.StartAsync(CancellationToken cancellationToken)
   at Microsoft.Extensions.Hosting.HostingAbstractionsHostExtensions.RunAsync(IHost host, CancellationToken token)
   at Microsoft.Extensions.Hosting.HostingAbstractionsHostExtensions.RunAsync(IHost host, CancellationToken token)
   at Microsoft.Extensions.Hosting.HostingAbstractionsHostExtensions.Run(IHost host)
   at Program.<Main>$(String[] args) in D:\C#\PrintNode\PrintNode\Program.cs:line 94
21:15:40.741  1 N - 异常退出！

#Software: PrintNode
#ProcessID: 35260 x64
#AppDomain: PrintNode
#FileName: D:\C#\PrintNode\PrintNode\bin\Debug\net7.0\PrintNode.exe
#BaseDirectory: D:\C#\PrintNode\PrintNode\bin\Debug\net7.0\
#CurrentDirectory: D:\C#\PrintNode\PrintNode
#TempPath: C:\Users\qc200\AppData\Local\Temp\
#CommandLine: D:\C#\PrintNode\PrintNode\bin\Debug\net7.0\PrintNode.dll
#ApplicationType: Web
#CLR: 7.0.11, .NET 7.0.11
#OS: Microsoft Windows NT 10.0.19045.0, DESKTOP-UBP9SLV/qc200
#CPU: 8
#GC: IsServerGC=True, LatencyMode=Interactive
#ThreadPool: Min=32/32, Max=32767/1000, Available=32765/1000
#SystemStarted: 4.05:55:10.6870000
#Date: 2023-10-26
#详解：https://newlifex.com/core/log
#字段: 时间 线程ID 线程池Y/网页W/普通N/定时T 线程名/任务ID 消息内容
#Fields: Time ThreadID Kind Name Message
21:16:17.005  1 N - NewLife.Core v10.5.2023.0903 Build 2023-09-03 .NET 7.0
21:16:17.008  1 N - NewLife组件核心库 ©2002-2023 NewLife
21:16:17.009  1 N - PrintNode v1.0.0 Build 2000-01-01 .NET 7.0
21:16:17.009  1 N - PrintNode 
21:16:17.009  1 N - NewLife.RocketMQ v2.5.2023.0904 Build 2023-09-04 12:37:18 .NET Standard 2.1
21:16:17.009  1 N - RocketMQ客户端 ©2002-2023 新生命开发团队
21:16:17.255  1 N - [print_send_msg_group]正在准备消费 print_send_msg
21:16:17.261  1 N - [print_send_msg_group]正在从名称服务器[192.168.12.12:9876]查找该Topic所在Broker服务器地址列表
21:16:17.264  1 N - [print_send_msg]集群地址：tcp://192.168.12.12:9876
21:16:17.265  1 N - [print_send_msg]正在连接[tcp://192.168.12.12:9876]
21:16:17.282  1 N - Tcp.Open tcp://0.0.0.0:8770=>192.168.12.12:9876
21:16:17.327  1 N - 发现Broker[broker-a]: 192.168.12.12:10911, reads=16, writes=16
21:16:17.331  1 N - 发现Broker[broker-a]: 192.168.12.12:10911, reads=16, writes=16
21:16:17.429  8 Y T [print_send_msg_group]准备从所有Broker服务器上获取消费者列表，以确定当前消费者应该负责消费的queue分片
21:16:17.448  8 Y T [print_send_msg_group]SYSTEM_ERROR: no consumer for this group
21:16:17.547  4 Y T [print_send_msg_group]准备从所有Broker服务器上获取消费者列表，以确定当前消费者应该负责消费的queue分片
21:16:17.553  4 Y T [print_send_msg_group]消费者列表[1]：192.168.12.36@35260
21:16:17.560  4 Y T [print_send_msg_group]消费重新平衡，当前消费者负责queue分片：broker-a[0,1,2,3,4,5,6,7,8,9,10,11,12,13,14,15]
21:16:17.575  6 Y P [print_send_msg_group]初始化offset[broker-a@0] Offset=0
21:16:17.577 10 Y P [print_send_msg_group]初始化offset[broker-a@1] Offset=0
21:16:17.578  6 Y P [print_send_msg_group]初始化offset[broker-a@2] Offset=0
21:16:17.579 17 Y P [print_send_msg_group]初始化offset[broker-a@3] Offset=0
21:16:17.579  8 Y P [print_send_msg_group]初始化offset[broker-a@4] Offset=0
21:16:17.584  8 Y P [print_send_msg_group]初始化offset[broker-a@5] Offset=0
21:16:17.585  6 Y P [print_send_msg_group]初始化offset[broker-a@6] Offset=0
21:16:17.586  6 Y P [print_send_msg_group]初始化offset[broker-a@7] Offset=0
21:16:17.586  6 Y P [print_send_msg_group]初始化offset[broker-a@8] Offset=1
21:16:17.586  9 Y P [print_send_msg_group]初始化offset[broker-a@9] Offset=0
21:16:17.587  6 Y P [print_send_msg_group]初始化offset[broker-a@10] Offset=0
21:16:17.587  6 Y P [print_send_msg_group]初始化offset[broker-a@11] Offset=1
21:16:17.587  8 Y P [print_send_msg_group]初始化offset[broker-a@12] Offset=0
21:16:17.588  9 Y P [print_send_msg_group]初始化offset[broker-a@13] Offset=0
21:16:17.589  8 Y P [print_send_msg_group]初始化offset[broker-a@14] Offset=0
21:16:17.589  9 Y P [print_send_msg_group]初始化offset[broker-a@15] Offset=0
21:16:17.627  1 N - System.Net.Sockets.SocketException (10049): 在其上下文中，该请求的地址无效。
   at System.Net.Sockets.Socket.UpdateStatusAfterSocketErrorAndThrowException(SocketError error, Boolean disconnectOnFailure, String callerName)
   at System.Net.Sockets.Socket.DoBind(EndPoint endPointSnapshot, SocketAddress socketAddress)
   at System.Net.Sockets.Socket.Bind(EndPoint localEP)
   at Microsoft.AspNetCore.Server.Kestrel.Transport.Sockets.SocketTransportOptions.CreateDefaultBoundListenSocket(EndPoint endpoint)
   at Microsoft.AspNetCore.Server.Kestrel.Transport.Sockets.SocketConnectionListener.Bind()
   at Microsoft.AspNetCore.Server.Kestrel.Transport.Sockets.SocketTransportFactory.BindAsync(EndPoint endpoint, CancellationToken cancellationToken)
   at Microsoft.AspNetCore.Server.Kestrel.Core.Internal.Infrastructure.TransportManager.BindAsync(EndPoint endPoint, ConnectionDelegate connectionDelegate, EndpointConfig endpointConfig, CancellationToken cancellationToken)
   at Microsoft.AspNetCore.Server.Kestrel.Core.KestrelServerImpl.<>c__DisplayClass30_0`1.<<StartAsync>g__OnBind|0>d.MoveNext()
   at Microsoft.AspNetCore.Server.Kestrel.Core.Internal.AddressBinder.BindEndpointAsync(ListenOptions endpoint, AddressBindContext context, CancellationToken cancellationToken)
   at Microsoft.AspNetCore.Server.Kestrel.Core.ListenOptions.BindAsync(AddressBindContext context, CancellationToken cancellationToken)
   at Microsoft.AspNetCore.Server.Kestrel.Core.Internal.AddressBinder.EndpointsStrategy.BindAsync(AddressBindContext context, CancellationToken cancellationToken)
   at Microsoft.AspNetCore.Server.Kestrel.Core.Internal.AddressBinder.BindAsync(IEnumerable`1 listenOptions, AddressBindContext context, CancellationToken cancellationToken)
   at Microsoft.AspNetCore.Server.Kestrel.Core.KestrelServerImpl.BindAsync(CancellationToken cancellationToken)
   at Microsoft.AspNetCore.Server.Kestrel.Core.KestrelServerImpl.StartAsync[TContext](IHttpApplication`1 application, CancellationToken cancellationToken)
   at Microsoft.AspNetCore.Hosting.GenericWebHostService.StartAsync(CancellationToken cancellationToken)
   at Microsoft.Extensions.Hosting.Internal.Host.StartAsync(CancellationToken cancellationToken)
   at Microsoft.Extensions.Hosting.HostingAbstractionsHostExtensions.RunAsync(IHost host, CancellationToken token)
   at Microsoft.Extensions.Hosting.HostingAbstractionsHostExtensions.RunAsync(IHost host, CancellationToken token)
   at Microsoft.Extensions.Hosting.HostingAbstractionsHostExtensions.Run(IHost host)
   at Program.<Main>$(String[] args) in D:\C#\PrintNode\PrintNode\Program.cs:line 94
21:16:17.691  1 N - 异常退出！

#Software: PrintNode
#ProcessID: 37656 x64
#AppDomain: PrintNode
#FileName: D:\C#\PrintNode\PrintNode\bin\Debug\net7.0\PrintNode.exe
#BaseDirectory: D:\C#\PrintNode\PrintNode\bin\Debug\net7.0\
#CurrentDirectory: D:\C#\PrintNode\PrintNode
#TempPath: C:\Users\qc200\AppData\Local\Temp\
#CommandLine: D:\C#\PrintNode\PrintNode\bin\Debug\net7.0\PrintNode.dll
#ApplicationType: Web
#CLR: 7.0.11, .NET 7.0.11
#OS: Microsoft Windows NT 10.0.19045.0, DESKTOP-UBP9SLV/qc200
#CPU: 8
#GC: IsServerGC=True, LatencyMode=Interactive
#ThreadPool: Min=32/32, Max=32767/1000, Available=32765/1000
#SystemStarted: 4.05:56:24.1250000
#Date: 2023-10-26
#详解：https://newlifex.com/core/log
#字段: 时间 线程ID 线程池Y/网页W/普通N/定时T 线程名/任务ID 消息内容
#Fields: Time ThreadID Kind Name Message
21:17:30.447  1 N - NewLife.Core v10.5.2023.0903 Build 2023-09-03 .NET 7.0
21:17:30.449  1 N - NewLife组件核心库 ©2002-2023 NewLife
21:17:30.450  1 N - PrintNode v1.0.0 Build 2000-01-01 .NET 7.0
21:17:30.450  1 N - PrintNode 
21:17:30.450  1 N - NewLife.RocketMQ v2.5.2023.0904 Build 2023-09-04 12:37:18 .NET Standard 2.1
21:17:30.453  1 N - RocketMQ客户端 ©2002-2023 新生命开发团队
21:17:30.666  1 N - [print_send_msg_group]正在准备消费 print_send_msg
21:17:30.680  1 N - [print_send_msg_group]正在从名称服务器[192.168.12.12:9876]查找该Topic所在Broker服务器地址列表
21:17:30.686  1 N - [print_send_msg]集群地址：tcp://192.168.12.12:9876
21:17:30.686  1 N - [print_send_msg]正在连接[tcp://192.168.12.12:9876]
21:17:30.716  1 N - Tcp.Open tcp://0.0.0.0:8922=>192.168.12.12:9876
21:17:30.777  1 N - 发现Broker[broker-a]: 192.168.12.12:10911, reads=16, writes=16
21:17:30.782  1 N - 发现Broker[broker-a]: 192.168.12.12:10911, reads=16, writes=16
21:17:30.887  8 Y T [print_send_msg_group]准备从所有Broker服务器上获取消费者列表，以确定当前消费者应该负责消费的queue分片
21:17:30.907  8 Y T [print_send_msg_group]SYSTEM_ERROR: no consumer for this group
21:17:30.994  9 Y T [print_send_msg_group]准备从所有Broker服务器上获取消费者列表，以确定当前消费者应该负责消费的queue分片
21:17:31.000  9 Y T [print_send_msg_group]消费者列表[1]：192.168.12.36@37656
21:17:31.002  9 Y T [print_send_msg_group]消费重新平衡，当前消费者负责queue分片：broker-a[0,1,2,3,4,5,6,7,8,9,10,11,12,13,14,15]
21:17:31.019  6 Y P [print_send_msg_group]初始化offset[broker-a@0] Offset=0
21:17:31.020  8 Y P [print_send_msg_group]初始化offset[broker-a@1] Offset=0
21:17:31.020  6 Y P [print_send_msg_group]初始化offset[broker-a@2] Offset=0
21:17:31.021  8 Y P [print_send_msg_group]初始化offset[broker-a@3] Offset=0
21:17:31.022  6 Y P [print_send_msg_group]初始化offset[broker-a@4] Offset=0
21:17:31.023  6 Y P [print_send_msg_group]初始化offset[broker-a@5] Offset=0
21:17:31.030  6 Y P [print_send_msg_group]初始化offset[broker-a@6] Offset=0
21:17:31.031  6 Y P [print_send_msg_group]初始化offset[broker-a@7] Offset=0
21:17:31.031  6 Y P [print_send_msg_group]初始化offset[broker-a@8] Offset=1
21:17:31.033  4 Y P [print_send_msg_group]初始化offset[broker-a@9] Offset=0
21:17:31.037  4 Y P [print_send_msg_group]初始化offset[broker-a@10] Offset=0
21:17:31.037  4 Y P [print_send_msg_group]初始化offset[broker-a@11] Offset=1
21:17:31.037  6 Y P [print_send_msg_group]初始化offset[broker-a@12] Offset=0
21:17:31.038  4 Y P [print_send_msg_group]初始化offset[broker-a@13] Offset=0
21:17:31.038  6 Y P [print_send_msg_group]初始化offset[broker-a@14] Offset=0
21:17:31.039  4 Y P [print_send_msg_group]初始化offset[broker-a@15] Offset=0
21:18:00.722 28 Y T [print_send_msg]发现Broker[broker-a]: 192.168.12.12:10911, reads=16, writes=16

#Software: PrintNode
#ProcessID: 39480 x64
#AppDomain: PrintNode
#FileName: D:\C#\PrintNode\PrintNode\bin\Debug\net7.0\PrintNode.exe
#BaseDirectory: D:\C#\PrintNode\PrintNode\bin\Debug\net7.0\
#CurrentDirectory: D:\C#\PrintNode\PrintNode
#TempPath: C:\Users\qc200\AppData\Local\Temp\
#CommandLine: D:\C#\PrintNode\PrintNode\bin\Debug\net7.0\PrintNode.dll
#ApplicationType: Web
#CLR: 7.0.11, .NET 7.0.11
#OS: Microsoft Windows NT 10.0.19045.0, DESKTOP-UBP9SLV/qc200
#CPU: 8
#GC: IsServerGC=True, LatencyMode=Interactive
#ThreadPool: Min=32/32, Max=32767/1000, Available=32765/1000
#SystemStarted: 4.05:57:51.3430000
#Date: 2023-10-26
#详解：https://newlifex.com/core/log
#字段: 时间 线程ID 线程池Y/网页W/普通N/定时T 线程名/任务ID 消息内容
#Fields: Time ThreadID Kind Name Message
21:18:57.639  1 N - NewLife.Core v10.5.2023.0903 Build 2023-09-03 .NET 7.0
21:18:57.643  1 N - NewLife组件核心库 ©2002-2023 NewLife
21:18:57.646  1 N - PrintNode v1.0.0 Build 2000-01-01 .NET 7.0
21:18:57.646  1 N - PrintNode 
21:18:57.646  1 N - NewLife.RocketMQ v2.5.2023.0904 Build 2023-09-04 12:37:18 .NET Standard 2.1
21:18:57.646  1 N - RocketMQ客户端 ©2002-2023 新生命开发团队
21:18:57.898  1 N - [print_send_msg_group]正在准备消费 print_send_msg
21:18:57.906  1 N - [print_send_msg_group]正在从名称服务器[192.168.12.12:9876]查找该Topic所在Broker服务器地址列表
21:18:57.911  1 N - [print_send_msg]集群地址：tcp://192.168.12.12:9876
21:18:57.912  1 N - [print_send_msg]正在连接[tcp://192.168.12.12:9876]
21:18:57.938  1 N - Tcp.Open tcp://0.0.0.0:9176=>192.168.12.12:9876
21:18:58.007  1 N - 发现Broker[broker-a]: 192.168.12.12:10911, reads=16, writes=16
21:18:58.019  1 N - 发现Broker[broker-a]: 192.168.12.12:10911, reads=16, writes=16
21:18:58.120  4 Y T [print_send_msg_group]准备从所有Broker服务器上获取消费者列表，以确定当前消费者应该负责消费的queue分片
21:18:58.143  4 Y T [print_send_msg_group]SYSTEM_ERROR: no consumer for this group
21:18:58.231  9 Y T [print_send_msg_group]准备从所有Broker服务器上获取消费者列表，以确定当前消费者应该负责消费的queue分片
21:18:58.238  9 Y T [print_send_msg_group]消费者列表[1]：192.168.12.36@39480
21:18:58.245  9 Y T [print_send_msg_group]消费重新平衡，当前消费者负责queue分片：broker-a[0,1,2,3,4,5,6,7,8,9,10,11,12,13,14,15]
21:18:58.263  4 Y P [print_send_msg_group]初始化offset[broker-a@0] Offset=0
21:18:58.264  4 Y P [print_send_msg_group]初始化offset[broker-a@1] Offset=0
21:18:58.265 17 Y P [print_send_msg_group]初始化offset[broker-a@2] Offset=0
21:18:58.265  6 Y P [print_send_msg_group]初始化offset[broker-a@3] Offset=0
21:18:58.266  8 Y P [print_send_msg_group]初始化offset[broker-a@4] Offset=0
21:18:58.267  6 Y P [print_send_msg_group]初始化offset[broker-a@5] Offset=0
21:18:58.267  8 Y P [print_send_msg_group]初始化offset[broker-a@6] Offset=0
21:18:58.268  8 Y P [print_send_msg_group]初始化offset[broker-a@7] Offset=0
21:18:58.268  8 Y P [print_send_msg_group]初始化offset[broker-a@8] Offset=2
21:18:58.269  4 Y P [print_send_msg_group]初始化offset[broker-a@9] Offset=0
21:18:58.270  8 Y P [print_send_msg_group]初始化offset[broker-a@10] Offset=0
21:18:58.270  8 Y P [print_send_msg_group]初始化offset[broker-a@11] Offset=1
21:18:58.270  6 Y P [print_send_msg_group]初始化offset[broker-a@12] Offset=0
21:18:58.273  4 Y P [print_send_msg_group]初始化offset[broker-a@13] Offset=0
21:18:58.276  6 Y P [print_send_msg_group]初始化offset[broker-a@14] Offset=0
21:18:58.277  8 Y P [print_send_msg_group]初始化offset[broker-a@15] Offset=0
21:19:27.947  6 Y T [print_send_msg]发现Broker[broker-a]: 192.168.12.12:10911, reads=16, writes=16

#Software: PrintNode
#ProcessID: 40752 x64
#AppDomain: PrintNode
#FileName: D:\C#\PrintNode\PrintNode\bin\Debug\net7.0\PrintNode.exe
#BaseDirectory: D:\C#\PrintNode\PrintNode\bin\Debug\net7.0\
#CurrentDirectory: D:\C#\PrintNode\PrintNode
#TempPath: C:\Users\qc200\AppData\Local\Temp\
#CommandLine: D:\C#\PrintNode\PrintNode\bin\Debug\net7.0\PrintNode.dll
#ApplicationType: Web
#CLR: 7.0.11, .NET 7.0.11
#OS: Microsoft Windows NT 10.0.19045.0, DESKTOP-UBP9SLV/qc200
#CPU: 8
#GC: IsServerGC=True, LatencyMode=Interactive
#ThreadPool: Min=32/32, Max=32767/1000, Available=32765/1000
#SystemStarted: 4.06:00:45.0310000
#Date: 2023-10-26
#详解：https://newlifex.com/core/log
#字段: 时间 线程ID 线程池Y/网页W/普通N/定时T 线程名/任务ID 消息内容
#Fields: Time ThreadID Kind Name Message
21:21:51.339  1 N - NewLife.Core v10.5.2023.0903 Build 2023-09-03 .NET 7.0
21:21:51.342  1 N - NewLife组件核心库 ©2002-2023 NewLife
21:21:51.343  1 N - PrintNode v1.0.0 Build 2000-01-01 .NET 7.0
21:21:51.343  1 N - PrintNode 
21:21:51.343  1 N - NewLife.RocketMQ v2.5.2023.0904 Build 2023-09-04 12:37:18 .NET Standard 2.1
21:21:51.343  1 N - RocketMQ客户端 ©2002-2023 新生命开发团队
21:21:51.548  1 N - [print_send_msg_group]正在准备消费 print_send_msg
21:21:51.554  1 N - [print_send_msg_group]正在从名称服务器[192.168.12.12:9876]查找该Topic所在Broker服务器地址列表
21:21:51.558  1 N - [print_send_msg]集群地址：tcp://192.168.12.12:9876
21:21:51.559  1 N - [print_send_msg]正在连接[tcp://192.168.12.12:9876]
21:21:51.575  1 N - Tcp.Open tcp://0.0.0.0:9535=>192.168.12.12:9876
21:21:51.618  1 N - 发现Broker[broker-a]: 192.168.12.12:10911, reads=16, writes=16
21:21:51.622  1 N - 发现Broker[broker-a]: 192.168.12.12:10911, reads=16, writes=16
21:21:51.723  4 Y T [print_send_msg_group]准备从所有Broker服务器上获取消费者列表，以确定当前消费者应该负责消费的queue分片
21:21:51.744  4 Y T [print_send_msg_group]SYSTEM_ERROR: no consumer for this group
21:21:51.837  8 Y T [print_send_msg_group]准备从所有Broker服务器上获取消费者列表，以确定当前消费者应该负责消费的queue分片
21:21:51.841  8 Y T [print_send_msg_group]消费者列表[1]：192.168.12.36@40752
21:21:51.843  8 Y T [print_send_msg_group]消费重新平衡，当前消费者负责queue分片：broker-a[0,1,2,3,4,5,6,7,8,9,10,11,12,13,14,15]
21:21:51.863  4 Y P [print_send_msg_group]初始化offset[broker-a@0] Offset=0
21:21:51.865  6 Y P [print_send_msg_group]初始化offset[broker-a@1] Offset=0
21:21:51.868  9 Y P [print_send_msg_group]初始化offset[broker-a@2] Offset=0
21:21:51.869  6 Y P [print_send_msg_group]初始化offset[broker-a@3] Offset=0
21:21:51.870  4 Y P [print_send_msg_group]初始化offset[broker-a@4] Offset=0
21:21:51.871  9 Y P [print_send_msg_group]初始化offset[broker-a@5] Offset=0
21:21:51.871  4 Y P [print_send_msg_group]初始化offset[broker-a@6] Offset=0
21:21:51.872  6 Y P [print_send_msg_group]初始化offset[broker-a@7] Offset=0
21:21:51.872  6 Y P [print_send_msg_group]初始化offset[broker-a@8] Offset=2
21:21:51.872  6 Y P [print_send_msg_group]初始化offset[broker-a@9] Offset=1
21:21:51.873  4 Y P [print_send_msg_group]初始化offset[broker-a@10] Offset=0
21:21:51.873  4 Y P [print_send_msg_group]初始化offset[broker-a@11] Offset=1
21:21:51.874  6 Y P [print_send_msg_group]初始化offset[broker-a@12] Offset=0
21:21:51.875  4 Y P [print_send_msg_group]初始化offset[broker-a@13] Offset=0
21:21:51.875  6 Y P [print_send_msg_group]初始化offset[broker-a@14] Offset=0
21:21:51.876  4 Y P [print_send_msg_group]初始化offset[broker-a@15] Offset=0
21:22:21.738 23 Y T [print_send_msg]发现Broker[broker-a]: 192.168.12.12:10911, reads=16, writes=16

#Software: PrintNode
#ProcessID: 42604 x64
#AppDomain: PrintNode
#FileName: D:\C#\PrintNode\PrintNode\bin\Debug\net7.0\PrintNode.exe
#BaseDirectory: D:\C#\PrintNode\PrintNode\bin\Debug\net7.0\
#CurrentDirectory: D:\C#\PrintNode\PrintNode
#TempPath: C:\Users\qc200\AppData\Local\Temp\
#CommandLine: D:\C#\PrintNode\PrintNode\bin\Debug\net7.0\PrintNode.dll
#ApplicationType: Web
#CLR: 7.0.11, .NET 7.0.11
#OS: Microsoft Windows NT 10.0.19045.0, DESKTOP-UBP9SLV/qc200
#CPU: 8
#GC: IsServerGC=True, LatencyMode=Interactive
#ThreadPool: Min=32/32, Max=32767/1000, Available=32765/1000
#SystemStarted: 4.06:01:40.9530000
#Date: 2023-10-26
#详解：https://newlifex.com/core/log
#字段: 时间 线程ID 线程池Y/网页W/普通N/定时T 线程名/任务ID 消息内容
#Fields: Time ThreadID Kind Name Message
21:22:47.278  1 N - NewLife.Core v10.5.2023.0903 Build 2023-09-03 .NET 7.0
21:22:47.279  1 N - NewLife组件核心库 ©2002-2023 NewLife
21:22:47.279  1 N - PrintNode v1.0.0 Build 2000-01-01 .NET 7.0
21:22:47.279  1 N - PrintNode 
21:22:47.279  1 N - NewLife.RocketMQ v2.5.2023.0904 Build 2023-09-04 12:37:18 .NET Standard 2.1
21:22:47.279  1 N - RocketMQ客户端 ©2002-2023 新生命开发团队
21:22:47.431  1 N - [print_send_msg_group]正在准备消费 print_send_msg
21:22:47.432  1 N - [print_send_msg_group]正在从名称服务器[192.168.12.12:9876]查找该Topic所在Broker服务器地址列表
21:22:47.435  1 N - [print_send_msg]集群地址：tcp://192.168.12.12:9876
21:22:47.436  1 N - [print_send_msg]正在连接[tcp://192.168.12.12:9876]
21:22:47.443  1 N - Tcp.Open tcp://0.0.0.0:9635=>192.168.12.12:9876
21:22:47.475  1 N - 发现Broker[broker-a]: 192.168.12.12:10911, reads=16, writes=16
21:22:47.479  1 N - 发现Broker[broker-a]: 192.168.12.12:10911, reads=16, writes=16
21:22:47.579  7 Y T [print_send_msg_group]准备从所有Broker服务器上获取消费者列表，以确定当前消费者应该负责消费的queue分片
21:22:47.594  7 Y T [print_send_msg_group]SYSTEM_ERROR: no consumer for this group
21:22:47.705  4 Y T [print_send_msg_group]准备从所有Broker服务器上获取消费者列表，以确定当前消费者应该负责消费的queue分片
21:22:47.706  4 Y T [print_send_msg_group]消费者列表[1]：192.168.12.36@42604
21:22:47.707  4 Y T [print_send_msg_group]消费重新平衡，当前消费者负责queue分片：broker-a[0,1,2,3,4,5,6,7,8,9,10,11,12,13,14,15]
21:22:47.715 16 Y P [print_send_msg_group]初始化offset[broker-a@0] Offset=0
21:22:47.716 16 Y P [print_send_msg_group]初始化offset[broker-a@1] Offset=0
21:22:47.716  7 Y P [print_send_msg_group]初始化offset[broker-a@2] Offset=0
21:22:47.717 16 Y P [print_send_msg_group]初始化offset[broker-a@3] Offset=0
21:22:47.717  7 Y P [print_send_msg_group]初始化offset[broker-a@4] Offset=0
21:22:47.718  6 Y P [print_send_msg_group]初始化offset[broker-a@5] Offset=0
21:22:47.718  6 Y P [print_send_msg_group]初始化offset[broker-a@6] Offset=0
21:22:47.719  6 Y P [print_send_msg_group]初始化offset[broker-a@7] Offset=0
21:22:47.719  6 Y P [print_send_msg_group]初始化offset[broker-a@8] Offset=2
21:22:47.719  6 Y P [print_send_msg_group]初始化offset[broker-a@9] Offset=1
21:22:47.719  6 Y P [print_send_msg_group]初始化offset[broker-a@10] Offset=0
21:22:47.719  6 Y P [print_send_msg_group]初始化offset[broker-a@11] Offset=1
21:22:47.720  6 Y P [print_send_msg_group]初始化offset[broker-a@12] Offset=0
21:22:47.720  6 Y P [print_send_msg_group]初始化offset[broker-a@13] Offset=0
21:22:47.721  6 Y P [print_send_msg_group]初始化offset[broker-a@14] Offset=0
21:22:47.721  6 Y P [print_send_msg_group]初始化offset[broker-a@15] Offset=0

#Software: PrintNode
#ProcessID: 36988 x64
#AppDomain: PrintNode
#FileName: D:\C#\PrintNode\PrintNode\bin\Debug\net7.0\PrintNode.exe
#BaseDirectory: D:\C#\PrintNode\PrintNode\bin\Debug\net7.0\
#CurrentDirectory: D:\C#\PrintNode\PrintNode
#TempPath: C:\Users\qc200\AppData\Local\Temp\
#CommandLine: D:\C#\PrintNode\PrintNode\bin\Debug\net7.0\PrintNode.dll
#ApplicationType: Web
#CLR: 7.0.11, .NET 7.0.11
#OS: Microsoft Windows NT 10.0.19045.0, DESKTOP-UBP9SLV/qc200
#CPU: 8
#GC: IsServerGC=True, LatencyMode=Interactive
#ThreadPool: Min=32/32, Max=32767/1000, Available=32765/1000
#SystemStarted: 4.06:01:51.0310000
#Date: 2023-10-26
#详解：https://newlifex.com/core/log
#字段: 时间 线程ID 线程池Y/网页W/普通N/定时T 线程名/任务ID 消息内容
#Fields: Time ThreadID Kind Name Message
21:22:57.345  1 N - NewLife.Core v10.5.2023.0903 Build 2023-09-03 .NET 7.0
21:22:57.348  1 N - NewLife组件核心库 ©2002-2023 NewLife
21:22:57.348  1 N - PrintNode v1.0.0 Build 2000-01-01 .NET 7.0
21:22:57.348  1 N - PrintNode 
21:22:57.348  1 N - NewLife.RocketMQ v2.5.2023.0904 Build 2023-09-04 12:37:18 .NET Standard 2.1
21:22:57.348  1 N - RocketMQ客户端 ©2002-2023 新生命开发团队
21:22:57.605  1 N - [print_send_msg_group]正在准备消费 print_send_msg
21:22:57.627  1 N - [print_send_msg_group]正在从名称服务器[192.168.12.12:9876]查找该Topic所在Broker服务器地址列表
21:22:57.632  1 N - [print_send_msg]集群地址：tcp://192.168.12.12:9876
21:22:57.633  1 N - [print_send_msg]正在连接[tcp://192.168.12.12:9876]
21:22:57.660  1 N - Tcp.Open tcp://0.0.0.0:9666=>192.168.12.12:9876
21:22:57.708  1 N - 发现Broker[broker-a]: 192.168.12.12:10911, reads=16, writes=16
21:22:57.712  1 N - 发现Broker[broker-a]: 192.168.12.12:10911, reads=16, writes=16
21:22:57.822  6 Y T [print_send_msg_group]准备从所有Broker服务器上获取消费者列表，以确定当前消费者应该负责消费的queue分片
21:22:57.842  6 Y T [print_send_msg_group]SYSTEM_ERROR: no consumer for this group
21:22:57.943 16 Y T [print_send_msg_group]准备从所有Broker服务器上获取消费者列表，以确定当前消费者应该负责消费的queue分片
21:22:57.944 16 Y T [print_send_msg_group]消费者列表[1]：192.168.12.36@36988
21:22:57.946 16 Y T [print_send_msg_group]消费重新平衡，当前消费者负责queue分片：broker-a[0,1,2,3,4,5,6,7,8,9,10,11,12,13,14,15]
21:22:57.963  6 Y P [print_send_msg_group]初始化offset[broker-a@0] Offset=0
21:22:57.964  6 Y P [print_send_msg_group]初始化offset[broker-a@1] Offset=0
21:22:57.965  9 Y P [print_send_msg_group]初始化offset[broker-a@2] Offset=0
21:22:57.966  6 Y P [print_send_msg_group]初始化offset[broker-a@3] Offset=0
21:22:57.967  4 Y P [print_send_msg_group]初始化offset[broker-a@4] Offset=0
21:22:57.968  6 Y P [print_send_msg_group]初始化offset[broker-a@5] Offset=0
21:22:57.969  4 Y P [print_send_msg_group]初始化offset[broker-a@6] Offset=0
21:22:57.970  6 Y P [print_send_msg_group]初始化offset[broker-a@7] Offset=0
21:22:57.970  6 Y P [print_send_msg_group]初始化offset[broker-a@8] Offset=2
21:22:57.970  6 Y P [print_send_msg_group]初始化offset[broker-a@9] Offset=1
21:22:57.970  4 Y P [print_send_msg_group]初始化offset[broker-a@10] Offset=0
21:22:57.970  4 Y P [print_send_msg_group]初始化offset[broker-a@11] Offset=1
21:22:57.971  9 Y P [print_send_msg_group]初始化offset[broker-a@12] Offset=0
21:22:57.972  6 Y P [print_send_msg_group]初始化offset[broker-a@13] Offset=0
21:22:57.973  9 Y P [print_send_msg_group]初始化offset[broker-a@14] Offset=0
21:22:57.974  6 Y P [print_send_msg_group]初始化offset[broker-a@15] Offset=0
21:23:27.675  4 Y T [print_send_msg]发现Broker[broker-a]: 192.168.12.12:10911, reads=16, writes=16

#Software: PrintNode
#ProcessID: 37972 x64
#AppDomain: PrintNode
#FileName: D:\C#\PrintNode\PrintNode\bin\Debug\net7.0\PrintNode.exe
#BaseDirectory: D:\C#\PrintNode\PrintNode\bin\Debug\net7.0\
#CurrentDirectory: D:\C#\PrintNode\PrintNode
#TempPath: C:\Users\qc200\AppData\Local\Temp\
#CommandLine: D:\C#\PrintNode\PrintNode\bin\Debug\net7.0\PrintNode.dll
#ApplicationType: Web
#CLR: 7.0.11, .NET 7.0.11
#OS: Microsoft Windows NT 10.0.19045.0, DESKTOP-UBP9SLV/qc200
#CPU: 8
#GC: IsServerGC=True, LatencyMode=Interactive
#ThreadPool: Min=32/32, Max=32767/1000, Available=32765/1000
#SystemStarted: 4.06:02:43.4210000
#Date: 2023-10-26
#详解：https://newlifex.com/core/log
#字段: 时间 线程ID 线程池Y/网页W/普通N/定时T 线程名/任务ID 消息内容
#Fields: Time ThreadID Kind Name Message
21:23:49.734  1 N - NewLife.Core v10.5.2023.0903 Build 2023-09-03 .NET 7.0
21:23:49.737  1 N - NewLife组件核心库 ©2002-2023 NewLife
21:23:49.737  1 N - PrintNode v1.0.0 Build 2000-01-01 .NET 7.0
21:23:49.737  1 N - PrintNode 
21:23:49.737  1 N - NewLife.RocketMQ v2.5.2023.0904 Build 2023-09-04 12:37:18 .NET Standard 2.1
21:23:49.737  1 N - RocketMQ客户端 ©2002-2023 新生命开发团队
21:23:50.047  1 N - [print_send_msg_group]正在准备消费 print_send_msg
21:23:50.058  1 N - [print_send_msg_group]正在从名称服务器[192.168.12.12:9876]查找该Topic所在Broker服务器地址列表
21:23:50.063  1 N - [print_send_msg]集群地址：tcp://192.168.12.12:9876
21:23:50.064  1 N - [print_send_msg]正在连接[tcp://192.168.12.12:9876]
21:23:50.085  1 N - Tcp.Open tcp://0.0.0.0:9780=>192.168.12.12:9876
21:23:50.128  1 N - 发现Broker[broker-a]: 192.168.12.12:10911, reads=16, writes=16
21:23:50.133  1 N - 发现Broker[broker-a]: 192.168.12.12:10911, reads=16, writes=16
21:23:50.246  4 Y T [print_send_msg_group]准备从所有Broker服务器上获取消费者列表，以确定当前消费者应该负责消费的queue分片
21:23:50.270  4 Y T [print_send_msg_group]SYSTEM_ERROR: no consumer for this group
21:23:50.362  9 Y T [print_send_msg_group]准备从所有Broker服务器上获取消费者列表，以确定当前消费者应该负责消费的queue分片
21:23:50.367  9 Y T [print_send_msg_group]消费者列表[1]：192.168.12.36@37972
21:23:50.368  9 Y T [print_send_msg_group]消费重新平衡，当前消费者负责queue分片：broker-a[0,1,2,3,4,5,6,7,8,9,10,11,12,13,14,15]
21:23:50.388  4 Y P [print_send_msg_group]初始化offset[broker-a@0] Offset=0
21:23:50.389  8 Y P [print_send_msg_group]初始化offset[broker-a@1] Offset=0
21:23:50.390  4 Y P [print_send_msg_group]初始化offset[broker-a@2] Offset=0
21:23:50.390  4 Y P [print_send_msg_group]初始化offset[broker-a@3] Offset=0
21:23:50.391 16 Y P [print_send_msg_group]初始化offset[broker-a@4] Offset=0
21:23:50.392  4 Y P [print_send_msg_group]初始化offset[broker-a@5] Offset=0
21:23:50.393  6 Y P [print_send_msg_group]初始化offset[broker-a@6] Offset=0
21:23:50.394  4 Y P [print_send_msg_group]初始化offset[broker-a@7] Offset=0
21:23:50.394  4 Y P [print_send_msg_group]初始化offset[broker-a@8] Offset=2
21:23:50.394  4 Y P [print_send_msg_group]初始化offset[broker-a@9] Offset=1
21:23:50.395  8 Y P [print_send_msg_group]初始化offset[broker-a@10] Offset=0
21:23:50.395  8 Y P [print_send_msg_group]初始化offset[broker-a@11] Offset=1
21:23:50.396  6 Y P [print_send_msg_group]初始化offset[broker-a@12] Offset=0
21:23:50.398  6 Y P [print_send_msg_group]初始化offset[broker-a@13] Offset=0
21:23:50.400  4 Y P [print_send_msg_group]初始化offset[broker-a@14] Offset=0
21:23:50.400  4 Y P [print_send_msg_group]初始化offset[broker-a@15] Offset=0
21:24:20.217  8 Y T [print_send_msg]发现Broker[broker-a]: 192.168.12.12:10911, reads=16, writes=16

#Software: PrintNode
#ProcessID: 7156 x64
#AppDomain: PrintNode
#FileName: D:\C#\PrintNode\PrintNode\bin\Debug\net7.0\PrintNode.exe
#BaseDirectory: D:\C#\PrintNode\PrintNode\bin\Debug\net7.0\
#CurrentDirectory: D:\C#\PrintNode\PrintNode
#TempPath: C:\Users\qc200\AppData\Local\Temp\
#CommandLine: D:\C#\PrintNode\PrintNode\bin\Debug\net7.0\PrintNode.dll
#ApplicationType: Web
#CLR: 7.0.11, .NET 7.0.11
#OS: Microsoft Windows NT 10.0.19045.0, DESKTOP-UBP9SLV/qc200
#CPU: 8
#GC: IsServerGC=True, LatencyMode=Interactive
#ThreadPool: Min=32/32, Max=32767/1000, Available=32765/1000
#SystemStarted: 4.06:26:52.4680000
#Date: 2023-10-26
#详解：https://newlifex.com/core/log
#字段: 时间 线程ID 线程池Y/网页W/普通N/定时T 线程名/任务ID 消息内容
#Fields: Time ThreadID Kind Name Message
21:47:58.736  1 N - NewLife.Core v10.5.2023.0903 Build 2023-09-03 .NET 7.0
21:47:58.743  1 N - NewLife组件核心库 ©2002-2023 NewLife
21:47:58.743  1 N - PrintNode v1.0.0 Build 2000-01-01 .NET 7.0
21:47:58.744  1 N - PrintNode 
21:47:58.744  1 N - NewLife.RocketMQ v2.5.2023.0904 Build 2023-09-04 12:37:18 .NET Standard 2.1
21:47:58.744  1 N - RocketMQ客户端 ©2002-2023 新生命开发团队
21:47:59.033  1 N - [print_send_msg_group]正在准备消费 print_send_msg
21:47:59.039  1 N - [print_send_msg_group]正在从名称服务器[192.168.12.12:9876]查找该Topic所在Broker服务器地址列表
21:47:59.044  1 N - [print_send_msg]集群地址：tcp://192.168.12.12:9876
21:47:59.045  1 N - [print_send_msg]正在连接[tcp://192.168.12.12:9876]
21:47:59.067  1 N - Tcp.Open tcp://0.0.0.0:7175=>192.168.12.12:9876
21:47:59.120  1 N - 发现Broker[broker-a]: 192.168.12.12:10911, reads=16, writes=16
21:47:59.227  6 Y T [print_send_msg_group]准备从所有Broker服务器上获取消费者列表，以确定当前消费者应该负责消费的queue分片
21:47:59.233  6 Y T [print_send_msg_group]消费者列表[1]：192.168.12.122@8396
21:47:59.236  6 Y T [print_send_msg_group]消费重新平衡，当前消费者负责queue分片：broker-a[0,1,2,3,4,5,6,7,8,9,10,11,12,13,14,15]
21:47:59.247  4 Y P [print_send_msg_group]初始化offset[broker-a@0] Offset=0
21:47:59.247  4 Y P [print_send_msg_group]初始化offset[broker-a@1] Offset=1
21:47:59.247  4 Y P [print_send_msg_group]初始化offset[broker-a@2] Offset=1
21:47:59.247  4 Y P [print_send_msg_group]初始化offset[broker-a@3] Offset=0
21:47:59.248  4 Y P [print_send_msg_group]初始化offset[broker-a@4] Offset=0
21:47:59.248  4 Y P [print_send_msg_group]初始化offset[broker-a@5] Offset=1
21:47:59.249  9 Y P [print_send_msg_group]初始化offset[broker-a@6] Offset=0
21:47:59.249  9 Y P [print_send_msg_group]初始化offset[broker-a@7] Offset=1
21:47:59.249  9 Y P [print_send_msg_group]初始化offset[broker-a@8] Offset=2
21:47:59.249  9 Y P [print_send_msg_group]初始化offset[broker-a@9] Offset=2
21:47:59.249  8 Y P [print_send_msg_group]初始化offset[broker-a@10] Offset=0
21:47:59.249  8 Y P [print_send_msg_group]初始化offset[broker-a@11] Offset=1
21:47:59.250  4 Y P [print_send_msg_group]初始化offset[broker-a@12] Offset=0
21:47:59.250  8 Y P [print_send_msg_group]初始化offset[broker-a@13] Offset=0
21:47:59.251  9 Y P [print_send_msg_group]初始化offset[broker-a@14] Offset=0
21:47:59.251  8 Y P [print_send_msg_group]初始化offset[broker-a@15] Offset=0
21:47:59.317  1 N - 发现Broker[broker-a]: 192.168.12.12:10911, reads=16, writes=16
21:48:05.352  1 N - System.Net.Sockets.SocketException (10049): 在其上下文中，该请求的地址无效。
   at System.Net.Sockets.Socket.UpdateStatusAfterSocketErrorAndThrowException(SocketError error, Boolean disconnectOnFailure, String callerName)
   at System.Net.Sockets.Socket.DoBind(EndPoint endPointSnapshot, SocketAddress socketAddress)
   at System.Net.Sockets.Socket.Bind(EndPoint localEP)
   at Microsoft.AspNetCore.Server.Kestrel.Transport.Sockets.SocketTransportOptions.CreateDefaultBoundListenSocket(EndPoint endpoint)
   at Microsoft.AspNetCore.Server.Kestrel.Transport.Sockets.SocketConnectionListener.Bind()
   at Microsoft.AspNetCore.Server.Kestrel.Transport.Sockets.SocketTransportFactory.BindAsync(EndPoint endpoint, CancellationToken cancellationToken)
   at Microsoft.AspNetCore.Server.Kestrel.Core.Internal.Infrastructure.TransportManager.BindAsync(EndPoint endPoint, ConnectionDelegate connectionDelegate, EndpointConfig endpointConfig, CancellationToken cancellationToken)
   at Microsoft.AspNetCore.Server.Kestrel.Core.KestrelServerImpl.<>c__DisplayClass30_0`1.<<StartAsync>g__OnBind|0>d.MoveNext()
   at Microsoft.AspNetCore.Server.Kestrel.Core.Internal.AddressBinder.BindEndpointAsync(ListenOptions endpoint, AddressBindContext context, CancellationToken cancellationToken)
   at Microsoft.AspNetCore.Server.Kestrel.Core.ListenOptions.BindAsync(AddressBindContext context, CancellationToken cancellationToken)
   at Microsoft.AspNetCore.Server.Kestrel.Core.Internal.AddressBinder.EndpointsStrategy.BindAsync(AddressBindContext context, CancellationToken cancellationToken)
   at Microsoft.AspNetCore.Server.Kestrel.Core.Internal.AddressBinder.BindAsync(IEnumerable`1 listenOptions, AddressBindContext context, CancellationToken cancellationToken)
   at Microsoft.AspNetCore.Server.Kestrel.Core.KestrelServerImpl.BindAsync(CancellationToken cancellationToken)
   at Microsoft.AspNetCore.Server.Kestrel.Core.KestrelServerImpl.StartAsync[TContext](IHttpApplication`1 application, CancellationToken cancellationToken)
   at Microsoft.AspNetCore.Hosting.GenericWebHostService.StartAsync(CancellationToken cancellationToken)
   at Microsoft.Extensions.Hosting.Internal.Host.StartAsync(CancellationToken cancellationToken)
   at Microsoft.Extensions.Hosting.HostingAbstractionsHostExtensions.RunAsync(IHost host, CancellationToken token)
   at Microsoft.Extensions.Hosting.HostingAbstractionsHostExtensions.RunAsync(IHost host, CancellationToken token)
   at Microsoft.Extensions.Hosting.HostingAbstractionsHostExtensions.Run(IHost host)
   at Program.<Main>$(String[] args) in D:\C#\PrintNode\PrintNode\Program.cs:line 94
21:48:05.378  1 N - 异常退出！
